#
# There is insufficient memory for the Java Runtime Environment to continue.
# Native memory allocation (mmap) failed to map 29360128 bytes for Failed to commit area from 0x0000000088c00000 to 0x000000008a800000 of length 29360128.
# Possible reasons:
#   The system is out of physical RAM or swap space
#   The process is running with CompressedOops enabled, and the Java Heap may be blocking the growth of the native heap
# Possible solutions:
#   Reduce memory load on the system
#   Increase physical memory or swap space
#   Check if swap backing store is full
#   Decrease Java heap size (-Xmx/-Xms)
#   Decrease number of Java threads
#   Decrease Java thread stack sizes (-Xss)
#   Set larger code cache with -XX:ReservedCodeCacheSize=
#   JVM is running with Unscaled Compressed Oops mode in which the Java heap is
#     placed in the first 4GB address space. The Java Heap base address is the
#     maximum limit for the native heap growth. Please use -XX:HeapBaseMinAddress
#     to set the Java Heap base and to place the Java Heap above 4GB virtual address.
# This output file may be truncated or incomplete.
#
#  Out of Memory Error (./src/hotspot/os/windows/os_windows.cpp:3619), pid=20940, tid=20920
#
# JRE version: OpenJDK Runtime Environment (11.0.13) (build 11.0.13+0-b1751.21-8125866)
# Java VM: OpenJDK 64-Bit Server VM (11.0.13+0-b1751.21-8125866, mixed mode, tiered, compressed oops, g1 gc, windows-amd64)
# No core dump will be written. Minidumps are not enabled by default on client versions of Windows
#

---------------  S U M M A R Y ------------

Command Line: --add-opens=java.base/java.util=ALL-UNNAMED --add-opens=java.base/java.lang=ALL-UNNAMED --add-opens=java.base/java.lang.invoke=ALL-UNNAMED --add-opens=java.base/java.util=ALL-UNNAMED --add-opens=java.prefs/java.util.prefs=ALL-UNNAMED --add-opens=java.prefs/java.util.prefs=ALL-UNNAMED --add-opens=java.base/java.nio.charset=ALL-UNNAMED --add-opens=java.base/java.net=ALL-UNNAMED --add-opens=java.base/java.util.concurrent.atomic=ALL-UNNAMED -Xmx2048m -Dfile.encoding=UTF-8 -Duser.country=US -Duser.language=en -Duser.variant org.gradle.launcher.daemon.bootstrap.GradleDaemon 7.4

Host: AMD Ryzen 5 3500U with Radeon Vega Mobile Gfx  , 8 cores, 5G,  Windows 10 , 64 bit Build 19041 (10.0.19041.2546)
Time: Fri Mar 17 15:45:15 2023 SE Asia Standard Time elapsed time: 33.844312 seconds (0d 0h 0m 33s)

---------------  T H R E A D  ---------------

Current thread (0x0000016495c05800):  VMThread "VM Thread" [stack: 0x0000003186a00000,0x0000003186b00000] [id=20920]

Stack: [0x0000003186a00000,0x0000003186b00000]
[error occurred during error reporting (printing stack bounds), id 0xc0000005, EXCEPTION_ACCESS_VIOLATION (0xc0000005) at pc=0x000001648000112d]

Native frames: (J=compiled Java code, j=interpreted, Vv=VM code, C=native code)
V  [jvm.dll+0x6100fa]
V  [jvm.dll+0x747090]
V  [jvm.dll+0x7486ad]
V  [jvm.dll+0x748ce5]
V  [jvm.dll+0x748c9b]
V  [jvm.dll+0x60f224]
V  [jvm.dll+0x60f9b8]
C  [ntdll.dll+0xa241f]
C  [ntdll.dll+0x514a4]
C  [ntdll.dll+0xa0f4e]
C  0x000001648000112d

VM_Operation (0x0000003187ef33a0): G1CollectForAllocation, mode: safepoint, requested by thread 0x0000016497d04800


---------------  P R O C E S S  ---------------

Threads class SMR info:
_java_thread_list=0x000001649abce770, length=123, elements={
0x00000164f978d800, 0x0000016495c07800, 0x0000016495c0d000, 0x0000016495c22800,
0x0000016495c24800, 0x0000016495c26800, 0x0000016495c27800, 0x0000016495c2d800,
0x0000016495c39000, 0x00000164966d7000, 0x0000016497416800, 0x0000016497d2d800,
0x0000016497d03800, 0x0000016497d06800, 0x0000016497d02800, 0x0000016497d02000,
0x0000016497d04800, 0x0000016497d05000, 0x0000016497d06000, 0x0000016497d07800,
0x0000016497d08800, 0x0000016496bcd000, 0x0000016496bd0800, 0x0000016496bce800,
0x0000016496bcf800, 0x0000016496bcb800, 0x0000016496bce000, 0x0000016496bd1000,
0x0000016496bd2000, 0x0000016496bcc000, 0x0000016498e6b000, 0x0000016498e6d800,
0x0000016498e6c800, 0x0000016498e6e800, 0x0000016498e6f000, 0x0000016498e70000,
0x0000016498e70800, 0x0000016498e71800, 0x0000016498e6c000, 0x0000016498e75800,
0x0000016498e75000, 0x0000016498e76800, 0x0000016498e72800, 0x0000016498e79000,
0x0000016498e73000, 0x0000016498e79800, 0x000001649a203800, 0x000001649a202000,
0x000001649a202800, 0x000001649a206000, 0x000001649a201000, 0x000001649a204800,
0x000001649a205000, 0x000001649a200000, 0x000001649a209000, 0x000001649a20a000,
0x000001649a20b800, 0x000001649a207000, 0x000001649a20b000, 0x000001649a20c800,
0x000001649a20d800, 0x000001649a208800, 0x000001649a207800, 0x000001649a20e000,
0x000001649a20f000, 0x00000164987b6800, 0x00000164987ba800, 0x00000164987bc000,
0x00000164987b9800, 0x00000164987b9000, 0x00000164987bb000, 0x00000164987bd000,
0x00000164987b7000, 0x00000164987bd800, 0x00000164987b8000, 0x00000164987c3800,
0x00000164987c2800, 0x00000164987c4000, 0x00000164987c0000, 0x00000164987c1000,
0x00000164987c1800, 0x00000164987bf800, 0x00000164987be800, 0x00000164987c5000,
0x00000164987c7000, 0x00000164987c6800, 0x00000164987c8000, 0x00000164987cd000,
0x00000164987cd800, 0x00000164987ca800, 0x00000164987ce800, 0x00000164987cb000,
0x00000164987c9800, 0x00000164987cc000, 0x00000164987c9000, 0x00000164987d4000,
0x00000164987d2800, 0x00000164987d1800, 0x00000164987d1000, 0x00000164987d5000,
0x00000164987d3800, 0x00000164987cf800, 0x00000164987d0000, 0x000001649c72b000,
0x000001649c72b800, 0x000001649c72e000, 0x000001649c72f000, 0x000001649c729000,
0x000001649c72a000, 0x000001649c72f800, 0x000001649c730800, 0x000001649c731800,
0x000001649c732000, 0x000001649c72c800, 0x000001649c733000, 0x000001649c72d000,
0x000001649c734000, 0x000001649c736000, 0x000001649c737000, 0x000001649c734800,
0x000001649c735800, 0x000001649c738000, 0x000001649d171000
}

Java Threads: ( => current thread )
  0x00000164f978d800 JavaThread "main" [_thread_blocked, id=21152, stack(0x0000003186400000,0x0000003186500000)]
  0x0000016495c07800 JavaThread "Reference Handler" daemon [_thread_blocked, id=21216, stack(0x0000003186b00000,0x0000003186c00000)]
  0x0000016495c0d000 JavaThread "Finalizer" daemon [_thread_blocked, id=20060, stack(0x0000003186c00000,0x0000003186d00000)]
  0x0000016495c22800 JavaThread "Signal Dispatcher" daemon [_thread_blocked, id=21140, stack(0x0000003186d00000,0x0000003186e00000)]
  0x0000016495c24800 JavaThread "Attach Listener" daemon [_thread_blocked, id=21204, stack(0x0000003186e00000,0x0000003186f00000)]
  0x0000016495c26800 JavaThread "Service Thread" daemon [_thread_blocked, id=21000, stack(0x0000003186f00000,0x0000003187000000)]
  0x0000016495c27800 JavaThread "C2 CompilerThread0" daemon [_thread_in_native, id=21032, stack(0x0000003187000000,0x0000003187100000)]
  0x0000016495c2d800 JavaThread "C1 CompilerThread0" daemon [_thread_blocked, id=21132, stack(0x0000003187100000,0x0000003187200000)]
  0x0000016495c39000 JavaThread "Sweeper thread" daemon [_thread_blocked, id=21100, stack(0x0000003187200000,0x0000003187300000)]
  0x00000164966d7000 JavaThread "Common-Cleaner" daemon [_thread_blocked, id=21144, stack(0x0000003187300000,0x0000003187400000)]
  0x0000016497416800 JavaThread "Daemon health stats" [_thread_blocked, id=19636, stack(0x0000003187600000,0x0000003187700000)]
  0x0000016497d2d800 JavaThread "Incoming local TCP Connector on port 57555" [_thread_in_native, id=20588, stack(0x0000003187900000,0x0000003187a00000)]
  0x0000016497d03800 JavaThread "Daemon periodic checks" [_thread_blocked, id=7504, stack(0x0000003187a00000,0x0000003187b00000)]
  0x0000016497d06800 JavaThread "Daemon" [_thread_blocked, id=8616, stack(0x0000003187b00000,0x0000003187c00000)]
  0x0000016497d02800 JavaThread "Handler for socket connection from /127.0.0.1:57555 to /127.0.0.1:57556" [_thread_in_native, id=18144, stack(0x0000003187c00000,0x0000003187d00000)]
  0x0000016497d02000 JavaThread "Cancel handler" [_thread_blocked, id=4808, stack(0x0000003187d00000,0x0000003187e00000)]
  0x0000016497d04800 JavaThread "Daemon worker" [_thread_blocked, id=20440, stack(0x0000003187e00000,0x0000003187f00000)]
  0x0000016497d05000 JavaThread "Asynchronous log dispatcher for DefaultDaemonConnection: socket connection from /127.0.0.1:57555 to /127.0.0.1:57556" [_thread_blocked, id=21744, stack(0x0000003187f00000,0x0000003188000000)]
  0x0000016497d06000 JavaThread "Stdin handler" [_thread_blocked, id=21800, stack(0x0000003188000000,0x0000003188100000)]
  0x0000016497d07800 JavaThread "Daemon client event forwarder" [_thread_blocked, id=21808, stack(0x0000003188100000,0x0000003188200000)]
  0x0000016497d08800 JavaThread "Cache worker for journal cache (C:\Users\thanh\.gradle\caches\journal-1)" [_thread_blocked, id=21804, stack(0x0000003188200000,0x0000003188300000)]
  0x0000016496bcd000 JavaThread "File lock request listener" [_thread_in_native, id=21360, stack(0x0000003188300000,0x0000003188400000)]
  0x0000016496bd0800 JavaThread "Cache worker for file hash cache (C:\Users\thanh\.gradle\caches\7.4\fileHashes)" [_thread_blocked, id=21680, stack(0x0000003188900000,0x0000003188a00000)]
  0x0000016496bce800 JavaThread "File lock release action executor" [_thread_blocked, id=16656, stack(0x0000003188a00000,0x0000003188b00000)]
  0x0000016496bcf800 JavaThread "File watcher server" daemon [_thread_in_native, id=21792, stack(0x0000003188b00000,0x0000003188c00000)]
  0x0000016496bcb800 JavaThread "File watcher consumer" daemon [_thread_blocked, id=22232, stack(0x0000003188c00000,0x0000003188d00000)]
  0x0000016496bce000 JavaThread "jar transforms" [_thread_blocked, id=1276, stack(0x0000003188d00000,0x0000003188e00000)]
  0x0000016496bd1000 JavaThread "jar transforms Thread 2" [_thread_blocked, id=16888, stack(0x0000003188e00000,0x0000003188f00000)]
  0x0000016496bd2000 JavaThread "jar transforms Thread 3" [_thread_blocked, id=21768, stack(0x0000003188f00000,0x0000003189000000)]
  0x0000016496bcc000 JavaThread "jar transforms Thread 4" [_thread_blocked, id=15584, stack(0x0000003189000000,0x0000003189100000)]
  0x0000016498e6b000 JavaThread "jar transforms Thread 5" [_thread_blocked, id=10668, stack(0x0000003189100000,0x0000003189200000)]
  0x0000016498e6d800 JavaThread "jar transforms Thread 6" [_thread_blocked, id=12984, stack(0x0000003189200000,0x0000003189300000)]
  0x0000016498e6c800 JavaThread "jar transforms Thread 7" [_thread_blocked, id=21692, stack(0x0000003189300000,0x0000003189400000)]
  0x0000016498e6e800 JavaThread "jar transforms Thread 8" [_thread_blocked, id=2640, stack(0x0000003189400000,0x0000003189500000)]
  0x0000016498e6f000 JavaThread "Cache worker for checksums cache (D:\NTQ_LyThuyet\Shopping\.gradle\7.4\checksums)" [_thread_blocked, id=21704, stack(0x0000003189500000,0x0000003189600000)]
  0x0000016498e70000 JavaThread "Cache worker for cache directory md-rule (C:\Users\thanh\.gradle\caches\7.4\md-rule)" [_thread_blocked, id=16824, stack(0x0000003189600000,0x0000003189700000)]
  0x0000016498e70800 JavaThread "Cache worker for file hash cache (D:\NTQ_LyThuyet\Shopping\.gradle\7.4\fileHashes)" [_thread_blocked, id=21776, stack(0x0000003189700000,0x0000003189800000)]
  0x0000016498e71800 JavaThread "Cache worker for cache directory md-supplier (C:\Users\thanh\.gradle\caches\7.4\md-supplier)" [_thread_blocked, id=18672, stack(0x0000003189800000,0x0000003189900000)]
  0x0000016498e6c000 JavaThread "Cache worker for execution history cache (C:\Users\thanh\.gradle\caches\7.4\executionHistory)" [_thread_blocked, id=18252, stack(0x0000003189900000,0x0000003189a00000)]
  0x0000016498e75800 JavaThread "Cache worker for file content cache (C:\Users\thanh\.gradle\caches\7.4\fileContent)" [_thread_blocked, id=6240, stack(0x0000003189a00000,0x0000003189b00000)]
  0x0000016498e75000 JavaThread "Cache worker for dependencies-accessors (D:\NTQ_LyThuyet\Shopping\.gradle\7.4\dependencies-accessors)" [_thread_blocked, id=6412, stack(0x0000003189b00000,0x0000003189c00000)]
  0x0000016498e76800 JavaThread "Cache worker for Build Output Cleanup Cache (D:\NTQ_LyThuyet\Shopping\.gradle\buildOutputCleanup)" [_thread_blocked, id=16448, stack(0x0000003189c00000,0x0000003189d00000)]
  0x0000016498e72800 JavaThread "Unconstrained build operations" [_thread_blocked, id=21036, stack(0x0000003189d00000,0x0000003189e00000)]
  0x0000016498e79000 JavaThread "Unconstrained build operations Thread 2" [_thread_blocked, id=20924, stack(0x0000003189e00000,0x0000003189f00000)]
  0x0000016498e73000 JavaThread "Unconstrained build operations Thread 3" [_thread_blocked, id=20928, stack(0x0000003189f00000,0x000000318a000000)]
  0x0000016498e79800 JavaThread "Unconstrained build operations Thread 4" [_thread_blocked, id=20976, stack(0x000000318a000000,0x000000318a100000)]
  0x000001649a203800 JavaThread "Unconstrained build operations Thread 5" [_thread_blocked, id=21232, stack(0x000000318a100000,0x000000318a200000)]
  0x000001649a202000 JavaThread "Unconstrained build operations Thread 6" [_thread_blocked, id=21168, stack(0x000000318a200000,0x000000318a300000)]
  0x000001649a202800 JavaThread "Unconstrained build operations Thread 7" [_thread_blocked, id=20872, stack(0x000000318a300000,0x000000318a400000)]
  0x000001649a206000 JavaThread "Unconstrained build operations Thread 8" [_thread_blocked, id=21048, stack(0x000000318a400000,0x000000318a500000)]
  0x000001649a201000 JavaThread "Unconstrained build operations Thread 9" [_thread_blocked, id=21080, stack(0x000000318a500000,0x000000318a600000)]
  0x000001649a204800 JavaThread "Unconstrained build operations Thread 10" [_thread_blocked, id=4100, stack(0x000000318a600000,0x000000318a700000)]
  0x000001649a205000 JavaThread "Unconstrained build operations Thread 11" [_thread_blocked, id=20004, stack(0x000000318a700000,0x000000318a800000)]
  0x000001649a200000 JavaThread "Unconstrained build operations Thread 12" [_thread_blocked, id=16188, stack(0x000000318a800000,0x000000318a900000)]
  0x000001649a209000 JavaThread "Unconstrained build operations Thread 13" [_thread_blocked, id=21160, stack(0x000000318a900000,0x000000318aa00000)]
  0x000001649a20a000 JavaThread "Unconstrained build operations Thread 14" [_thread_blocked, id=21220, stack(0x000000318aa00000,0x000000318ab00000)]
  0x000001649a20b800 JavaThread "Unconstrained build operations Thread 15" [_thread_blocked, id=21304, stack(0x000000318ab00000,0x000000318ac00000)]
  0x000001649a207000 JavaThread "Unconstrained build operations Thread 16" [_thread_blocked, id=21096, stack(0x000000318ac00000,0x000000318ad00000)]
  0x000001649a20b000 JavaThread "Unconstrained build operations Thread 17" [_thread_blocked, id=21592, stack(0x000000318ad00000,0x000000318ae00000)]
  0x000001649a20c800 JavaThread "Unconstrained build operations Thread 18" [_thread_blocked, id=10876, stack(0x000000318ae00000,0x000000318af00000)]
  0x000001649a20d800 JavaThread "Unconstrained build operations Thread 19" [_thread_blocked, id=20720, stack(0x000000318af00000,0x000000318b000000)]
  0x000001649a208800 JavaThread "Unconstrained build operations Thread 20" [_thread_blocked, id=20884, stack(0x000000318b000000,0x000000318b100000)]
  0x000001649a207800 JavaThread "Unconstrained build operations Thread 21" [_thread_blocked, id=19364, stack(0x000000318b100000,0x000000318b200000)]
  0x000001649a20e000 JavaThread "Unconstrained build operations Thread 22" [_thread_blocked, id=20992, stack(0x000000318b200000,0x000000318b300000)]
  0x000001649a20f000 JavaThread "Unconstrained build operations Thread 23" [_thread_blocked, id=20948, stack(0x000000318b300000,0x000000318b400000)]
  0x00000164987b6800 JavaThread "Unconstrained build operations Thread 24" [_thread_blocked, id=20960, stack(0x000000318b400000,0x000000318b500000)]
  0x00000164987ba800 JavaThread "Unconstrained build operations Thread 25" [_thread_blocked, id=21076, stack(0x000000318b500000,0x000000318b600000)]
  0x00000164987bc000 JavaThread "Unconstrained build operations Thread 26" [_thread_blocked, id=21176, stack(0x000000318b600000,0x000000318b700000)]
  0x00000164987b9800 JavaThread "Unconstrained build operations Thread 27" [_thread_blocked, id=21112, stack(0x000000318b700000,0x000000318b800000)]
  0x00000164987b9000 JavaThread "Unconstrained build operations Thread 28" [_thread_blocked, id=21064, stack(0x000000318b800000,0x000000318b900000)]
  0x00000164987bb000 JavaThread "Unconstrained build operations Thread 29" [_thread_blocked, id=22004, stack(0x000000318b900000,0x000000318ba00000)]
  0x00000164987bd000 JavaThread "Unconstrained build operations Thread 30" [_thread_blocked, id=21088, stack(0x000000318ba00000,0x000000318bb00000)]
  0x00000164987b7000 JavaThread "Unconstrained build operations Thread 31" [_thread_blocked, id=21180, stack(0x000000318bb00000,0x000000318bc00000)]
  0x00000164987bd800 JavaThread "Unconstrained build operations Thread 32" [_thread_blocked, id=21172, stack(0x000000318bc00000,0x000000318bd00000)]
  0x00000164987b8000 JavaThread "Unconstrained build operations Thread 33" [_thread_blocked, id=21116, stack(0x000000318bd00000,0x000000318be00000)]
  0x00000164987c3800 JavaThread "Unconstrained build operations Thread 34" [_thread_blocked, id=21068, stack(0x000000318be00000,0x000000318bf00000)]
  0x00000164987c2800 JavaThread "Unconstrained build operations Thread 35" [_thread_blocked, id=20952, stack(0x000000318bf00000,0x000000318c000000)]
  0x00000164987c4000 JavaThread "Unconstrained build operations Thread 36" [_thread_blocked, id=21192, stack(0x000000318c000000,0x000000318c100000)]
  0x00000164987c0000 JavaThread "Unconstrained build operations Thread 37" [_thread_blocked, id=21208, stack(0x000000318c100000,0x000000318c200000)]
  0x00000164987c1000 JavaThread "Unconstrained build operations Thread 38" [_thread_blocked, id=21060, stack(0x000000318c200000,0x000000318c300000)]
  0x00000164987c1800 JavaThread "Unconstrained build operations Thread 39" [_thread_blocked, id=21084, stack(0x000000318c300000,0x000000318c400000)]
  0x00000164987bf800 JavaThread "Unconstrained build operations Thread 40" [_thread_blocked, id=17944, stack(0x000000318c400000,0x000000318c500000)]
  0x00000164987be800 JavaThread "Unconstrained build operations Thread 41" [_thread_blocked, id=21708, stack(0x000000318c500000,0x000000318c600000)]
  0x00000164987c5000 JavaThread "Unconstrained build operations Thread 42" [_thread_blocked, id=11480, stack(0x000000318c600000,0x000000318c700000)]
  0x00000164987c7000 JavaThread "Unconstrained build operations Thread 43" [_thread_blocked, id=19584, stack(0x000000318c700000,0x000000318c800000)]
  0x00000164987c6800 JavaThread "Unconstrained build operations Thread 44" [_thread_blocked, id=18736, stack(0x000000318c800000,0x000000318c900000)]
  0x00000164987c8000 JavaThread "Unconstrained build operations Thread 45" [_thread_blocked, id=22388, stack(0x000000318c900000,0x000000318ca00000)]
  0x00000164987cd000 JavaThread "Unconstrained build operations Thread 46" [_thread_blocked, id=17100, stack(0x000000318ca00000,0x000000318cb00000)]
  0x00000164987cd800 JavaThread "Unconstrained build operations Thread 47" [_thread_blocked, id=21184, stack(0x000000318cb00000,0x000000318cc00000)]
  0x00000164987ca800 JavaThread "Unconstrained build operations Thread 48" [_thread_blocked, id=21716, stack(0x000000318cc00000,0x000000318cd00000)]
  0x00000164987ce800 JavaThread "Unconstrained build operations Thread 49" [_thread_blocked, id=16444, stack(0x000000318cd00000,0x000000318ce00000)]
  0x00000164987cb000 JavaThread "Unconstrained build operations Thread 50" [_thread_blocked, id=21816, stack(0x000000318ce00000,0x000000318cf00000)]
  0x00000164987c9800 JavaThread "Unconstrained build operations Thread 51" [_thread_blocked, id=21124, stack(0x000000318cf00000,0x000000318d000000)]
  0x00000164987cc000 JavaThread "Unconstrained build operations Thread 52" [_thread_blocked, id=21092, stack(0x000000318d000000,0x000000318d100000)]
  0x00000164987c9000 JavaThread "Unconstrained build operations Thread 53" [_thread_blocked, id=20984, stack(0x000000318d100000,0x000000318d200000)]
  0x00000164987d4000 JavaThread "Unconstrained build operations Thread 54" [_thread_blocked, id=9212, stack(0x000000318d200000,0x000000318d300000)]
  0x00000164987d2800 JavaThread "Unconstrained build operations Thread 55" [_thread_blocked, id=20956, stack(0x000000318d300000,0x000000318d400000)]
  0x00000164987d1800 JavaThread "Unconstrained build operations Thread 56" [_thread_blocked, id=17920, stack(0x000000318d400000,0x000000318d500000)]
  0x00000164987d1000 JavaThread "Unconstrained build operations Thread 57" [_thread_blocked, id=19352, stack(0x000000318d500000,0x000000318d600000)]
  0x00000164987d5000 JavaThread "Unconstrained build operations Thread 58" [_thread_blocked, id=19360, stack(0x000000318d600000,0x000000318d700000)]
  0x00000164987d3800 JavaThread "Unconstrained build operations Thread 59" [_thread_blocked, id=2608, stack(0x000000318d700000,0x000000318d800000)]
  0x00000164987cf800 JavaThread "Unconstrained build operations Thread 60" [_thread_blocked, id=20964, stack(0x000000318d800000,0x000000318d900000)]
  0x00000164987d0000 JavaThread "Unconstrained build operations Thread 61" [_thread_blocked, id=21156, stack(0x000000318d900000,0x000000318da00000)]
  0x000001649c72b000 JavaThread "Unconstrained build operations Thread 62" [_thread_blocked, id=21228, stack(0x000000318da00000,0x000000318db00000)]
  0x000001649c72b800 JavaThread "Unconstrained build operations Thread 63" [_thread_blocked, id=21056, stack(0x000000318db00000,0x000000318dc00000)]
  0x000001649c72e000 JavaThread "Unconstrained build operations Thread 64" [_thread_blocked, id=10816, stack(0x000000318dc00000,0x000000318dd00000)]
  0x000001649c72f000 JavaThread "Unconstrained build operations Thread 65" [_thread_blocked, id=7920, stack(0x000000318dd00000,0x000000318de00000)]
  0x000001649c729000 JavaThread "Unconstrained build operations Thread 66" [_thread_blocked, id=21212, stack(0x000000318de00000,0x000000318df00000)]
  0x000001649c72a000 JavaThread "Unconstrained build operations Thread 67" [_thread_blocked, id=17012, stack(0x000000318df00000,0x000000318e000000)]
  0x000001649c72f800 JavaThread "Unconstrained build operations Thread 68" [_thread_blocked, id=21920, stack(0x000000318e000000,0x000000318e100000)]
  0x000001649c730800 JavaThread "Unconstrained build operations Thread 69" [_thread_blocked, id=21340, stack(0x000000318e100000,0x000000318e200000)]
  0x000001649c731800 JavaThread "Unconstrained build operations Thread 70" [_thread_blocked, id=10904, stack(0x000000318e200000,0x000000318e300000)]
  0x000001649c732000 JavaThread "Unconstrained build operations Thread 71" [_thread_blocked, id=22148, stack(0x000000318e300000,0x000000318e400000)]
  0x000001649c72c800 JavaThread "Unconstrained build operations Thread 72" [_thread_blocked, id=22340, stack(0x000000318e400000,0x000000318e500000)]
  0x000001649c733000 JavaThread "Unconstrained build operations Thread 73" [_thread_blocked, id=17396, stack(0x000000318e500000,0x000000318e600000)]
  0x000001649c72d000 JavaThread "Unconstrained build operations Thread 74" [_thread_blocked, id=22024, stack(0x000000318e600000,0x000000318e700000)]
  0x000001649c734000 JavaThread "Unconstrained build operations Thread 75" [_thread_blocked, id=21104, stack(0x000000318e700000,0x000000318e800000)]
  0x000001649c736000 JavaThread "Unconstrained build operations Thread 76" [_thread_blocked, id=22104, stack(0x000000318e800000,0x000000318e900000)]
  0x000001649c737000 JavaThread "Unconstrained build operations Thread 77" [_thread_blocked, id=20916, stack(0x000000318e900000,0x000000318ea00000)]
  0x000001649c734800 JavaThread "Unconstrained build operations Thread 78" [_thread_blocked, id=20908, stack(0x000000318ea00000,0x000000318eb00000)]
  0x000001649c735800 JavaThread "Unconstrained build operations Thread 79" [_thread_blocked, id=9380, stack(0x000000318eb00000,0x000000318ec00000)]
  0x000001649c738000 JavaThread "Unconstrained build operations Thread 80" [_thread_blocked, id=11056, stack(0x000000318ec00000,0x000000318ed00000)]
  0x000001649d171000 JavaThread "Memory manager" [_thread_blocked, id=19592, stack(0x000000318ed00000,0x000000318ee00000)]

Other Threads:
=>0x0000016495c05800 VMThread "VM Thread" [stack: 0x0000003186a00000,0x0000003186b00000] [id=20920]
  0x0000016496710800 WatcherThread [stack: 0x0000003187400000,0x0000003187500000] [id=20968]
  0x00000164f97a7800 GCTaskThread "GC Thread#0" [stack: 0x0000003186500000,0x0000003186600000] [id=21188]
  0x0000016496a29000 GCTaskThread "GC Thread#1" [stack: 0x0000003187500000,0x0000003187600000] [id=15380]
  0x0000016497a24000 GCTaskThread "GC Thread#2" [stack: 0x0000003187700000,0x0000003187800000] [id=17456]
  0x0000016498126000 GCTaskThread "GC Thread#3" [stack: 0x0000003187800000,0x0000003187900000] [id=18828]
  0x0000016496f48000 GCTaskThread "GC Thread#4" [stack: 0x0000003188400000,0x0000003188500000] [id=13732]
  0x00000164977d7800 GCTaskThread "GC Thread#5" [stack: 0x0000003188500000,0x0000003188600000] [id=1708]
  0x0000016498d20800 GCTaskThread "GC Thread#6" [stack: 0x0000003188600000,0x0000003188700000] [id=11912]
  0x0000016498d21000 GCTaskThread "GC Thread#7" [stack: 0x0000003188700000,0x0000003188800000] [id=6444]
  0x00000164f97db000 ConcurrentGCThread "G1 Main Marker" [stack: 0x0000003186600000,0x0000003186700000] [id=21028]
  0x00000164f97dc000 ConcurrentGCThread "G1 Conc#0" [stack: 0x0000003186700000,0x0000003186800000] [id=21008]
  0x000001649770f000 ConcurrentGCThread "G1 Conc#1" [stack: 0x0000003188800000,0x0000003188900000] [id=12256]
  0x00000164f985d800 ConcurrentGCThread "G1 Refine#0" [stack: 0x0000003186800000,0x0000003186900000] [id=21020]
  0x00000164f985e800 ConcurrentGCThread "G1 Young RemSet Sampling" [stack: 0x0000003186900000,0x0000003186a00000] [id=21012]

Threads with active compile tasks:
C2 CompilerThread0  33896 6712       4       org.objectweb.asm.Frame::execute (2318 bytes)

VM state:at safepoint (normal execution)

VM Mutex/Monitor currently owned by a thread:  ([mutex/lock_event])
[0x00000164f9788d50] Threads_lock - owner thread: 0x0000016495c05800
[0x00000164f9788b10] Heap_lock - owner thread: 0x0000016497d04800

Heap address: 0x0000000080000000, size: 2048 MB, Compressed Oops mode: 32-bit
Narrow klass base: 0x0000000000000000, Narrow klass shift: 3
Compressed class space size: 1073741824 Address: 0x0000000100000000

Heap:
 garbage-first heap   total 172032K, used 103129K [0x0000000080000000, 0x0000000100000000)
  region size 1024K, 1 young (1024K), 1 survivors (1024K)
 Metaspace       used 65743K, capacity 67434K, committed 67760K, reserved 1107968K
  class space    used 8259K, capacity 8877K, committed 8960K, reserved 1048576K
Heap Regions: E=young(eden), S=young(survivor), O=old, HS=humongous(starts), HC=humongous(continues), CS=collection set, F=free, A=archive, TAMS=top-at-mark-start (previous, next)
|   0|0x0000000080000000, 0x0000000080100000, 0x0000000080100000|100%| O|  |TAMS 0x0000000080100000, 0x0000000080000000| Untracked 
|   1|0x0000000080100000, 0x0000000080200000, 0x0000000080200000|100%| O|  |TAMS 0x0000000080200000, 0x0000000080100000| Untracked 
|   2|0x0000000080200000, 0x0000000080300000, 0x0000000080300000|100%| O|  |TAMS 0x0000000080300000, 0x0000000080200000| Untracked 
|   3|0x0000000080300000, 0x0000000080400000, 0x0000000080400000|100%|HS|  |TAMS 0x0000000080400000, 0x0000000080300000| Complete 
|   4|0x0000000080400000, 0x0000000080500000, 0x0000000080500000|100%|HC|  |TAMS 0x0000000080500000, 0x0000000080400000| Complete 
|   5|0x0000000080500000, 0x0000000080600000, 0x0000000080600000|100%|HC|  |TAMS 0x0000000080600000, 0x0000000080500000| Complete 
|   6|0x0000000080600000, 0x0000000080700000, 0x0000000080700000|100%| O|  |TAMS 0x0000000080700000, 0x0000000080600000| Untracked 
|   7|0x0000000080700000, 0x0000000080800000, 0x0000000080800000|100%| O|  |TAMS 0x0000000080800000, 0x0000000080700000| Untracked 
|   8|0x0000000080800000, 0x0000000080900000, 0x0000000080900000|100%| O|  |TAMS 0x0000000080900000, 0x0000000080800000| Untracked 
|   9|0x0000000080900000, 0x0000000080a00000, 0x0000000080a00000|100%| O|  |TAMS 0x0000000080a00000, 0x0000000080900000| Untracked 
|  10|0x0000000080a00000, 0x0000000080b00000, 0x0000000080b00000|100%| O|  |TAMS 0x0000000080b00000, 0x0000000080a00000| Untracked 
|  11|0x0000000080b00000, 0x0000000080c00000, 0x0000000080c00000|100%| O|  |TAMS 0x0000000080c00000, 0x0000000080b00000| Untracked 
|  12|0x0000000080c00000, 0x0000000080d00000, 0x0000000080d00000|100%| O|  |TAMS 0x0000000080d00000, 0x0000000080c00000| Untracked 
|  13|0x0000000080d00000, 0x0000000080e00000, 0x0000000080e00000|100%| O|  |TAMS 0x0000000080e00000, 0x0000000080d00000| Untracked 
|  14|0x0000000080e00000, 0x0000000080f00000, 0x0000000080f00000|100%| O|  |TAMS 0x0000000080f00000, 0x0000000080e00000| Untracked 
|  15|0x0000000080f00000, 0x0000000081000000, 0x0000000081000000|100%|HS|  |TAMS 0x0000000081000000, 0x0000000080f00000| Complete 
|  16|0x0000000081000000, 0x0000000081100000, 0x0000000081100000|100%|HC|  |TAMS 0x0000000081100000, 0x0000000081000000| Complete 
|  17|0x0000000081100000, 0x0000000081200000, 0x0000000081200000|100%|HS|  |TAMS 0x0000000081200000, 0x0000000081100000| Complete 
|  18|0x0000000081200000, 0x0000000081300000, 0x0000000081300000|100%|HC|  |TAMS 0x0000000081300000, 0x0000000081200000| Complete 
|  19|0x0000000081300000, 0x0000000081400000, 0x0000000081400000|100%|HC|  |TAMS 0x0000000081400000, 0x0000000081300000| Complete 
|  20|0x0000000081400000, 0x0000000081500000, 0x0000000081500000|100%|HS|  |TAMS 0x0000000081500000, 0x0000000081400000| Complete 
|  21|0x0000000081500000, 0x0000000081600000, 0x0000000081600000|100%|HC|  |TAMS 0x0000000081600000, 0x0000000081500000| Complete 
|  22|0x0000000081600000, 0x0000000081700000, 0x0000000081700000|100%|HC|  |TAMS 0x0000000081700000, 0x0000000081600000| Complete 
|  23|0x0000000081700000, 0x0000000081800000, 0x0000000081800000|100%|HS|  |TAMS 0x0000000081800000, 0x0000000081700000| Complete 
|  24|0x0000000081800000, 0x0000000081900000, 0x0000000081900000|100%|HC|  |TAMS 0x0000000081900000, 0x0000000081800000| Complete 
|  25|0x0000000081900000, 0x0000000081a00000, 0x0000000081a00000|100%|HC|  |TAMS 0x0000000081a00000, 0x0000000081900000| Complete 
|  26|0x0000000081a00000, 0x0000000081b00000, 0x0000000081b00000|100%|HC|  |TAMS 0x0000000081b00000, 0x0000000081a00000| Complete 
|  27|0x0000000081b00000, 0x0000000081c00000, 0x0000000081c00000|100%|HC|  |TAMS 0x0000000081c00000, 0x0000000081b00000| Complete 
|  28|0x0000000081c00000, 0x0000000081d00000, 0x0000000081d00000|100%|HS|  |TAMS 0x0000000081d00000, 0x0000000081c00000| Complete 
|  29|0x0000000081d00000, 0x0000000081e00000, 0x0000000081e00000|100%| O|  |TAMS 0x0000000081e00000, 0x0000000081d00000| Untracked 
|  30|0x0000000081e00000, 0x0000000081f00000, 0x0000000081f00000|100%| O|  |TAMS 0x0000000081f00000, 0x0000000081e00000| Untracked 
|  31|0x0000000081f00000, 0x0000000082000000, 0x0000000082000000|100%| O|  |TAMS 0x0000000082000000, 0x0000000081f00000| Untracked 
|  32|0x0000000082000000, 0x0000000082100000, 0x0000000082100000|100%| O|  |TAMS 0x0000000082100000, 0x0000000082000000| Untracked 
|  33|0x0000000082100000, 0x0000000082200000, 0x0000000082200000|100%| O|  |TAMS 0x0000000082200000, 0x0000000082100000| Untracked 
|  34|0x0000000082200000, 0x0000000082300000, 0x0000000082300000|100%| O|  |TAMS 0x0000000082300000, 0x0000000082200000| Untracked 
|  35|0x0000000082300000, 0x0000000082400000, 0x0000000082400000|100%| O|  |TAMS 0x0000000082400000, 0x0000000082300000| Untracked 
|  36|0x0000000082400000, 0x0000000082500000, 0x0000000082500000|100%| O|  |TAMS 0x0000000082500000, 0x0000000082400000| Untracked 
|  37|0x0000000082500000, 0x0000000082600000, 0x0000000082600000|100%| O|  |TAMS 0x0000000082600000, 0x0000000082500000| Untracked 
|  38|0x0000000082600000, 0x0000000082700000, 0x0000000082700000|100%| O|  |TAMS 0x0000000082700000, 0x0000000082600000| Untracked 
|  39|0x0000000082700000, 0x0000000082800000, 0x0000000082800000|100%| O|  |TAMS 0x0000000082800000, 0x0000000082700000| Untracked 
|  40|0x0000000082800000, 0x0000000082900000, 0x0000000082900000|100%| O|  |TAMS 0x0000000082900000, 0x0000000082800000| Untracked 
|  41|0x0000000082900000, 0x0000000082a00000, 0x0000000082a00000|100%| O|  |TAMS 0x0000000082a00000, 0x0000000082900000| Untracked 
|  42|0x0000000082a00000, 0x0000000082b00000, 0x0000000082b00000|100%| O|  |TAMS 0x0000000082b00000, 0x0000000082a00000| Untracked 
|  43|0x0000000082b00000, 0x0000000082c00000, 0x0000000082c00000|100%| O|  |TAMS 0x0000000082c00000, 0x0000000082b00000| Untracked 
|  44|0x0000000082c00000, 0x0000000082d00000, 0x0000000082d00000|100%| O|  |TAMS 0x0000000082d00000, 0x0000000082c00000| Untracked 
|  45|0x0000000082d00000, 0x0000000082e00000, 0x0000000082e00000|100%| O|  |TAMS 0x0000000082e00000, 0x0000000082d00000| Untracked 
|  46|0x0000000082e00000, 0x0000000082f00000, 0x0000000082f00000|100%|HS|  |TAMS 0x0000000082f00000, 0x0000000082e00000| Complete 
|  47|0x0000000082f00000, 0x0000000083000000, 0x0000000083000000|100%|HC|  |TAMS 0x0000000083000000, 0x0000000082f00000| Complete 
|  48|0x0000000083000000, 0x0000000083100000, 0x0000000083100000|100%|HC|  |TAMS 0x0000000083100000, 0x0000000083000000| Complete 
|  49|0x0000000083100000, 0x0000000083200000, 0x0000000083200000|100%|HS|  |TAMS 0x0000000083200000, 0x0000000083100000| Complete 
|  50|0x0000000083200000, 0x0000000083300000, 0x0000000083300000|100%|HC|  |TAMS 0x0000000083300000, 0x0000000083200000| Complete 
|  51|0x0000000083300000, 0x0000000083400000, 0x0000000083400000|100%|HC|  |TAMS 0x0000000083400000, 0x0000000083300000| Complete 
|  52|0x0000000083400000, 0x0000000083500000, 0x0000000083500000|100%|HS|  |TAMS 0x0000000083500000, 0x0000000083400000| Complete 
|  53|0x0000000083500000, 0x0000000083600000, 0x0000000083600000|100%|HC|  |TAMS 0x0000000083600000, 0x0000000083500000| Complete 
|  54|0x0000000083600000, 0x0000000083700000, 0x0000000083700000|100%|HC|  |TAMS 0x0000000083700000, 0x0000000083600000| Complete 
|  55|0x0000000083700000, 0x0000000083800000, 0x0000000083800000|100%|HC|  |TAMS 0x0000000083800000, 0x0000000083700000| Complete 
|  56|0x0000000083800000, 0x0000000083900000, 0x0000000083900000|100%| O|  |TAMS 0x0000000083900000, 0x0000000083800000| Untracked 
|  57|0x0000000083900000, 0x0000000083a00000, 0x0000000083a00000|100%| O|  |TAMS 0x0000000083a00000, 0x0000000083900000| Untracked 
|  58|0x0000000083a00000, 0x0000000083b00000, 0x0000000083b00000|100%| O|  |TAMS 0x0000000083b00000, 0x0000000083a00000| Untracked 
|  59|0x0000000083b00000, 0x0000000083c00000, 0x0000000083c00000|100%|HS|  |TAMS 0x0000000083c00000, 0x0000000083b00000| Complete 
|  60|0x0000000083c00000, 0x0000000083d00000, 0x0000000083d00000|100%|HC|  |TAMS 0x0000000083d00000, 0x0000000083c00000| Complete 
|  61|0x0000000083d00000, 0x0000000083e00000, 0x0000000083e00000|100%| O|  |TAMS 0x0000000083e00000, 0x0000000083d00000| Untracked 
|  62|0x0000000083e00000, 0x0000000083f00000, 0x0000000083f00000|100%| O|  |TAMS 0x0000000083f00000, 0x0000000083e00000| Untracked 
|  63|0x0000000083f00000, 0x0000000084000000, 0x0000000084000000|100%| O|  |TAMS 0x0000000084000000, 0x0000000083f00000| Untracked 
|  64|0x0000000084000000, 0x0000000084100000, 0x0000000084100000|100%| O|  |TAMS 0x0000000084100000, 0x0000000084000000| Untracked 
|  65|0x0000000084100000, 0x0000000084200000, 0x0000000084200000|100%| O|  |TAMS 0x0000000084200000, 0x0000000084100000| Untracked 
|  66|0x0000000084200000, 0x0000000084300000, 0x0000000084300000|100%|HS|  |TAMS 0x0000000084300000, 0x0000000084200000| Complete 
|  67|0x0000000084300000, 0x0000000084400000, 0x0000000084400000|100%|HC|  |TAMS 0x0000000084400000, 0x0000000084300000| Complete 
|  68|0x0000000084400000, 0x0000000084500000, 0x0000000084500000|100%|HC|  |TAMS 0x0000000084500000, 0x0000000084400000| Complete 
|  69|0x0000000084500000, 0x0000000084600000, 0x0000000084600000|100%|HC|  |TAMS 0x0000000084600000, 0x0000000084500000| Complete 
|  70|0x0000000084600000, 0x0000000084700000, 0x0000000084700000|100%|HC|  |TAMS 0x0000000084700000, 0x0000000084600000| Complete 
|  71|0x0000000084700000, 0x0000000084800000, 0x0000000084800000|100%| O|  |TAMS 0x0000000084800000, 0x0000000084700000| Untracked 
|  72|0x0000000084800000, 0x0000000084900000, 0x0000000084900000|100%| O|  |TAMS 0x0000000084900000, 0x0000000084800000| Untracked 
|  73|0x0000000084900000, 0x0000000084a00000, 0x0000000084a00000|100%| O|  |TAMS 0x0000000084a00000, 0x0000000084900000| Untracked 
|  74|0x0000000084a00000, 0x0000000084b00000, 0x0000000084b00000|100%| O|  |TAMS 0x0000000084b00000, 0x0000000084a00000| Untracked 
|  75|0x0000000084b00000, 0x0000000084c00000, 0x0000000084c00000|100%| O|  |TAMS 0x0000000084c00000, 0x0000000084b00000| Untracked 
|  76|0x0000000084c00000, 0x0000000084d00000, 0x0000000084d00000|100%| O|  |TAMS 0x0000000084d00000, 0x0000000084c00000| Untracked 
|  77|0x0000000084d00000, 0x0000000084e00000, 0x0000000084e00000|100%| O|  |TAMS 0x0000000084e00000, 0x0000000084d00000| Untracked 
|  78|0x0000000084e00000, 0x0000000084f00000, 0x0000000084f00000|100%|HS|  |TAMS 0x0000000084f00000, 0x0000000084e00000| Complete 
|  79|0x0000000084f00000, 0x0000000085000000, 0x0000000085000000|100%|HS|  |TAMS 0x0000000085000000, 0x0000000084f00000| Complete 
|  80|0x0000000085000000, 0x0000000085100000, 0x0000000085100000|100%|HS|  |TAMS 0x0000000085100000, 0x0000000085000000| Complete 
|  81|0x0000000085100000, 0x0000000085200000, 0x0000000085200000|100%| O|  |TAMS 0x0000000085200000, 0x0000000085100000| Untracked 
|  82|0x0000000085200000, 0x0000000085300000, 0x0000000085300000|100%|HS|  |TAMS 0x0000000085300000, 0x0000000085200000| Complete 
|  83|0x0000000085300000, 0x0000000085400000, 0x0000000085400000|100%|HC|  |TAMS 0x0000000085400000, 0x0000000085300000| Complete 
|  84|0x0000000085400000, 0x0000000085500000, 0x0000000085500000|100%|HC|  |TAMS 0x0000000085500000, 0x0000000085400000| Complete 
|  85|0x0000000085500000, 0x0000000085600000, 0x0000000085600000|100%|HC|  |TAMS 0x0000000085600000, 0x0000000085500000| Complete 
|  86|0x0000000085600000, 0x0000000085700000, 0x0000000085700000|100%| O|  |TAMS 0x0000000085700000, 0x0000000085600000| Untracked 
|  87|0x0000000085700000, 0x0000000085800000, 0x0000000085800000|100%|HS|  |TAMS 0x0000000085800000, 0x0000000085700000| Complete 
|  88|0x0000000085800000, 0x0000000085900000, 0x0000000085900000|100%|HC|  |TAMS 0x0000000085900000, 0x0000000085800000| Complete 
|  89|0x0000000085900000, 0x0000000085a00000, 0x0000000085a00000|100%| O|  |TAMS 0x0000000085a00000, 0x0000000085900000| Untracked 
|  90|0x0000000085a00000, 0x0000000085b00000, 0x0000000085b00000|100%| O|  |TAMS 0x0000000085b00000, 0x0000000085a00000| Untracked 
|  91|0x0000000085b00000, 0x0000000085c00000, 0x0000000085c00000|100%| O|  |TAMS 0x0000000085c00000, 0x0000000085b00000| Untracked 
|  92|0x0000000085c00000, 0x0000000085d00000, 0x0000000085d00000|100%| O|  |TAMS 0x0000000085d00000, 0x0000000085c00000| Untracked 
|  93|0x0000000085d00000, 0x0000000085e00000, 0x0000000085e00000|100%| O|  |TAMS 0x0000000085e00000, 0x0000000085d00000| Untracked 
|  94|0x0000000085e00000, 0x0000000085f00000, 0x0000000085f00000|100%|HS|  |TAMS 0x0000000085f00000, 0x0000000085e00000| Untracked 
|  95|0x0000000085f00000, 0x0000000085f00000, 0x0000000086000000|  0%| F|  |TAMS 0x0000000085f00000, 0x0000000085f00000| Untracked 
|  96|0x0000000086000000, 0x0000000086000000, 0x0000000086100000|  0%| F|  |TAMS 0x0000000086000000, 0x0000000086000000| Untracked 
|  97|0x0000000086100000, 0x0000000086100000, 0x0000000086200000|  0%| F|  |TAMS 0x0000000086100000, 0x0000000086100000| Untracked 
|  98|0x0000000086200000, 0x0000000086200000, 0x0000000086300000|  0%| F|  |TAMS 0x0000000086200000, 0x0000000086200000| Untracked 
|  99|0x0000000086300000, 0x0000000086400000, 0x0000000086400000|100%| O|  |TAMS 0x0000000086400000, 0x0000000086300000| Untracked 
| 100|0x0000000086400000, 0x0000000086500000, 0x0000000086500000|100%| O|  |TAMS 0x0000000086500000, 0x0000000086400000| Untracked 
| 101|0x0000000086500000, 0x0000000086600000, 0x0000000086600000|100%| O|  |TAMS 0x0000000086599200, 0x0000000086500000| Untracked 
| 102|0x0000000086600000, 0x0000000086700000, 0x0000000086700000|100%| O|  |TAMS 0x0000000086600000, 0x0000000086600000| Untracked 
| 103|0x0000000086700000, 0x00000000867d5800, 0x0000000086800000| 83%| O|  |TAMS 0x0000000086700000, 0x0000000086700000| Untracked 
| 104|0x0000000086800000, 0x0000000086800000, 0x0000000086900000|  0%| F|  |TAMS 0x0000000086800000, 0x0000000086800000| Untracked 
| 105|0x0000000086900000, 0x0000000086900000, 0x0000000086a00000|  0%| F|  |TAMS 0x0000000086900000, 0x0000000086900000| Untracked 
| 106|0x0000000086a00000, 0x0000000086a00000, 0x0000000086b00000|  0%| F|  |TAMS 0x0000000086a00000, 0x0000000086a00000| Untracked 
| 107|0x0000000086b00000, 0x0000000086b00000, 0x0000000086c00000|  0%| F|  |TAMS 0x0000000086b00000, 0x0000000086b00000| Untracked 
| 108|0x0000000086c00000, 0x0000000086c00000, 0x0000000086d00000|  0%| F|  |TAMS 0x0000000086c00000, 0x0000000086c00000| Untracked 
| 109|0x0000000086d00000, 0x0000000086d00000, 0x0000000086e00000|  0%| F|  |TAMS 0x0000000086d00000, 0x0000000086d00000| Untracked 
| 110|0x0000000086e00000, 0x0000000086e00000, 0x0000000086f00000|  0%| F|  |TAMS 0x0000000086e00000, 0x0000000086e00000| Untracked 
| 111|0x0000000086f00000, 0x0000000086f00000, 0x0000000087000000|  0%| F|  |TAMS 0x0000000086f00000, 0x0000000086f00000| Untracked 
| 112|0x0000000087000000, 0x0000000087000000, 0x0000000087100000|  0%| F|  |TAMS 0x0000000087000000, 0x0000000087000000| Untracked 
| 113|0x0000000087100000, 0x0000000087100000, 0x0000000087200000|  0%| F|  |TAMS 0x0000000087100000, 0x0000000087100000| Untracked 
| 114|0x0000000087200000, 0x0000000087200000, 0x0000000087300000|  0%| F|  |TAMS 0x0000000087200000, 0x0000000087200000| Untracked 
| 115|0x0000000087300000, 0x0000000087300000, 0x0000000087400000|  0%| F|  |TAMS 0x0000000087300000, 0x0000000087300000| Untracked 
| 116|0x0000000087400000, 0x0000000087400000, 0x0000000087500000|  0%| F|  |TAMS 0x0000000087400000, 0x0000000087400000| Untracked 
| 117|0x0000000087500000, 0x0000000087500000, 0x0000000087600000|  0%| F|  |TAMS 0x0000000087500000, 0x0000000087500000| Untracked 
| 118|0x0000000087600000, 0x0000000087600000, 0x0000000087700000|  0%| F|  |TAMS 0x0000000087600000, 0x0000000087600000| Untracked 
| 119|0x0000000087700000, 0x0000000087700000, 0x0000000087800000|  0%| F|  |TAMS 0x0000000087700000, 0x0000000087700000| Untracked 
| 120|0x0000000087800000, 0x0000000087800000, 0x0000000087900000|  0%| F|  |TAMS 0x0000000087800000, 0x0000000087800000| Untracked 
| 121|0x0000000087900000, 0x0000000087900000, 0x0000000087a00000|  0%| F|  |TAMS 0x0000000087900000, 0x0000000087900000| Untracked 
| 122|0x0000000087a00000, 0x0000000087a00000, 0x0000000087b00000|  0%| F|  |TAMS 0x0000000087a00000, 0x0000000087a00000| Untracked 
| 123|0x0000000087b00000, 0x0000000087b00000, 0x0000000087c00000|  0%| F|  |TAMS 0x0000000087b00000, 0x0000000087b00000| Untracked 
| 124|0x0000000087c00000, 0x0000000087c00000, 0x0000000087d00000|  0%| F|  |TAMS 0x0000000087c00000, 0x0000000087c00000| Untracked 
| 125|0x0000000087d00000, 0x0000000087de0e98, 0x0000000087e00000| 87%| S|CS|TAMS 0x0000000087d00000, 0x0000000087d00000| Complete 
| 126|0x0000000087e00000, 0x0000000087e00000, 0x0000000087f00000|  0%| F|  |TAMS 0x0000000087e00000, 0x0000000087e00000| Untracked 
| 127|0x0000000087f00000, 0x0000000087f00000, 0x0000000088000000|  0%| F|  |TAMS 0x0000000087f00000, 0x0000000087f00000| Untracked 
| 128|0x0000000088000000, 0x0000000088000000, 0x0000000088100000|  0%| F|  |TAMS 0x0000000088000000, 0x0000000088000000| Untracked 
| 129|0x0000000088100000, 0x0000000088100000, 0x0000000088200000|  0%| F|  |TAMS 0x0000000088100000, 0x0000000088100000| Untracked 
| 130|0x0000000088200000, 0x0000000088200000, 0x0000000088300000|  0%| F|  |TAMS 0x0000000088200000, 0x0000000088200000| Untracked 
| 131|0x0000000088300000, 0x0000000088300000, 0x0000000088400000|  0%| F|  |TAMS 0x0000000088300000, 0x0000000088300000| Untracked 
| 132|0x0000000088400000, 0x0000000088400000, 0x0000000088500000|  0%| F|  |TAMS 0x0000000088400000, 0x0000000088400000| Untracked 
| 133|0x0000000088500000, 0x0000000088500000, 0x0000000088600000|  0%| F|  |TAMS 0x0000000088500000, 0x0000000088500000| Untracked 
| 134|0x0000000088600000, 0x0000000088600000, 0x0000000088700000|  0%| F|  |TAMS 0x0000000088600000, 0x0000000088600000| Untracked 
| 135|0x0000000088700000, 0x0000000088700000, 0x0000000088800000|  0%| F|  |TAMS 0x0000000088700000, 0x0000000088700000| Untracked 
| 136|0x0000000088800000, 0x0000000088800000, 0x0000000088900000|  0%| F|  |TAMS 0x0000000088800000, 0x0000000088800000| Untracked 
| 137|0x0000000088900000, 0x0000000088900000, 0x0000000088a00000|  0%| F|  |TAMS 0x0000000088900000, 0x0000000088900000| Untracked 
| 138|0x0000000088a00000, 0x0000000088a00000, 0x0000000088b00000|  0%| F|  |TAMS 0x0000000088a00000, 0x0000000088a00000| Untracked 
| 139|0x0000000088b00000, 0x0000000088b00000, 0x0000000088c00000|  0%| F|  |TAMS 0x0000000088b00000, 0x0000000088b00000| Untracked 

Card table byte_map: [0x00000164ff920000,0x00000164ffd20000] _byte_map_base: 0x00000164ff520000

Marking Bits (Prev, Next): (CMBitMap*) 0x00000164f97d20b8, (CMBitMap*) 0x00000164f97d20f0
 Prev Bits: [0x000001648f400000, 0x0000016491400000)
 Next Bits: [0x0000016491400000, 0x0000016493400000)

Polling page: 0x00000164f9870000

Metaspace:

Usage:
  Non-class:     57.18 MB capacity,    56.14 MB ( 98%) used,   902.34 KB (  2%) free+waste,   170.44 KB ( <1%) overhead. 
      Class:      8.67 MB capacity,     8.07 MB ( 93%) used,   536.93 KB (  6%) free+waste,    80.38 KB ( <1%) overhead. 
       Both:     65.85 MB capacity,    64.20 MB ( 97%) used,     1.41 MB (  2%) free+waste,   250.81 KB ( <1%) overhead. 

Virtual space:
  Non-class space:       58.00 MB reserved,      57.42 MB (>99%) committed 
      Class space:        1.00 GB reserved,       8.75 MB ( <1%) committed 
             Both:        1.06 GB reserved,      66.17 MB (  6%) committed 

Chunk freelists:
   Non-Class:  51.00 KB
       Class:  19.00 KB
        Both:  70.00 KB

MaxMetaspaceSize: 17179869184.00 GB
CompressedClassSpaceSize: 1.00 GB
Initial GC threshold: 20.80 MB
Current GC threshold: 107.79 MB
CDS: off

CodeHeap 'non-profiled nmethods': size=120000Kb used=3144Kb max_used=3144Kb free=116855Kb
 bounds [0x0000016487ad0000, 0x0000016487df0000, 0x000001648f000000]
CodeHeap 'profiled nmethods': size=120000Kb used=13850Kb max_used=13850Kb free=106149Kb
 bounds [0x00000164805a0000, 0x0000016481330000, 0x0000016487ad0000]
CodeHeap 'non-nmethods': size=5760Kb used=2343Kb max_used=2367Kb free=3417Kb
 bounds [0x0000016480000000, 0x0000016480270000, 0x00000164805a0000]
 total_blobs=7477 nmethods=6622 adapters=766
 compilation: enabled
              stopped_count=0, restarted_count=0
 full_count=0

Compilation events (20 events):
Event: 33.788 Thread 0x0000016495c2d800 6756       3       jdk.internal.org.objectweb.asm.ClassReader::<init> (257 bytes)
Event: 33.789 Thread 0x0000016495c2d800 nmethod 6756 0x000001648131e410 code [0x000001648131e640, 0x000001648131f0e8]
Event: 33.789 Thread 0x0000016495c2d800 6757       3       sun.reflect.annotation.AnnotationParser::parseArray (226 bytes)
Event: 33.792 Thread 0x0000016495c2d800 nmethod 6757 0x000001648131f490 code [0x000001648131f880, 0x00000164813212b8]
Event: 33.805 Thread 0x0000016495c2d800 6758   !   3       org.objectweb.asm.ClassWriter::getCommonSuperClass (141 bytes)
Event: 33.806 Thread 0x0000016495c2d800 nmethod 6758 0x0000016481321a90 code [0x0000016481321d80, 0x0000016481322898]
Event: 33.806 Thread 0x0000016495c2d800 6759       3       org.objectweb.asm.ClassWriter::getClassLoader (8 bytes)
Event: 33.808 Thread 0x0000016495c2d800 nmethod 6759 0x0000016481322e90 code [0x00000164813230c0, 0x00000164813239d8]
Event: 33.816 Thread 0x0000016495c2d800 6760       3       org.objectweb.asm.Type::hashCode (68 bytes)
Event: 33.817 Thread 0x0000016495c2d800 nmethod 6760 0x0000016481323d10 code [0x0000016481323f40, 0x00000164813246d8]
Event: 33.817 Thread 0x0000016495c2d800 6761       3       org.objectweb.asm.ByteVector::putUTF8 (144 bytes)
Event: 33.819 Thread 0x0000016495c2d800 nmethod 6761 0x0000016481324a10 code [0x0000016481324ca0, 0x00000164813257c8]
Event: 33.819 Thread 0x0000016495c2d800 6762       1       org.objectweb.asm.commons.Method::getName (5 bytes)
Event: 33.819 Thread 0x0000016495c2d800 nmethod 6762 0x0000016487de1810 code [0x0000016487de19c0, 0x0000016487de1a78]
Event: 33.819 Thread 0x0000016495c2d800 6763       1       org.objectweb.asm.commons.Method::getDescriptor (5 bytes)
Event: 33.819 Thread 0x0000016495c2d800 nmethod 6763 0x0000016487de1b10 code [0x0000016487de1cc0, 0x0000016487de1d78]
Event: 33.819 Thread 0x0000016495c2d800 6764       1       com.android.build.gradle.internal.dsl.decorator.DslDecorator$ManagedProperty::getSupportedPropertyType (5 bytes)
Event: 33.820 Thread 0x0000016495c2d800 nmethod 6764 0x0000016487de1e10 code [0x0000016487de1fc0, 0x0000016487de2078]
Event: 33.820 Thread 0x0000016495c2d800 6765       3       org.objectweb.asm.SymbolTable::addMergedType (164 bytes)
Event: 33.821 Thread 0x0000016495c2d800 nmethod 6765 0x0000016481325d10 code [0x0000016481325f40, 0x00000164813265d8]

GC Heap History (20 events):
Event: 27.981 GC heap after
{Heap after GC invocations=35 (full 0):
 garbage-first heap   total 118784K, used 79668K [0x0000000080000000, 0x0000000100000000)
  region size 1024K, 1 young (1024K), 1 survivors (1024K)
 Metaspace       used 51694K, capacity 53182K, committed 53424K, reserved 1095680K
  class space    used 6550K, capacity 7053K, committed 7168K, reserved 1048576K
}
Event: 28.205 GC heap before
{Heap before GC invocations=36 (full 0):
 garbage-first heap   total 118784K, used 85812K [0x0000000080000000, 0x0000000100000000)
  region size 1024K, 6 young (6144K), 1 survivors (1024K)
 Metaspace       used 51737K, capacity 53272K, committed 53424K, reserved 1095680K
  class space    used 6555K, capacity 7060K, committed 7168K, reserved 1048576K
}
Event: 28.213 GC heap after
{Heap after GC invocations=37 (full 0):
 garbage-first heap   total 143360K, used 85365K [0x0000000080000000, 0x0000000100000000)
  region size 1024K, 2 young (2048K), 2 survivors (2048K)
 Metaspace       used 51737K, capacity 53272K, committed 53424K, reserved 1095680K
  class space    used 6555K, capacity 7060K, committed 7168K, reserved 1048576K
}
Event: 28.657 GC heap before
{Heap before GC invocations=38 (full 0):
 garbage-first heap   total 143360K, used 108917K [0x0000000080000000, 0x0000000100000000)
  region size 1024K, 19 young (19456K), 2 survivors (2048K)
 Metaspace       used 52806K, capacity 54283K, committed 54576K, reserved 1097728K
  class space    used 6683K, capacity 7185K, committed 7296K, reserved 1048576K
}
Event: 28.661 GC heap after
{Heap after GC invocations=39 (full 0):
 garbage-first heap   total 143360K, used 95068K [0x0000000080000000, 0x0000000100000000)
  region size 1024K, 3 young (3072K), 3 survivors (3072K)
 Metaspace       used 52806K, capacity 54283K, committed 54576K, reserved 1097728K
  class space    used 6683K, capacity 7185K, committed 7296K, reserved 1048576K
}
Event: 28.901 GC heap before
{Heap before GC invocations=39 (full 0):
 garbage-first heap   total 143360K, used 99164K [0x0000000080000000, 0x0000000100000000)
  region size 1024K, 7 young (7168K), 3 survivors (3072K)
 Metaspace       used 53278K, capacity 54840K, committed 55088K, reserved 1097728K
  class space    used 6752K, capacity 7287K, committed 7296K, reserved 1048576K
}
Event: 28.915 GC heap after
{Heap after GC invocations=40 (full 0):
 garbage-first heap   total 143360K, used 94338K [0x0000000080000000, 0x0000000100000000)
  region size 1024K, 1 young (1024K), 1 survivors (1024K)
 Metaspace       used 53278K, capacity 54840K, committed 55088K, reserved 1097728K
  class space    used 6752K, capacity 7287K, committed 7296K, reserved 1048576K
}
Event: 29.963 GC heap before
{Heap before GC invocations=40 (full 0):
 garbage-first heap   total 143360K, used 109698K [0x0000000080000000, 0x0000000100000000)
  region size 1024K, 16 young (16384K), 1 survivors (1024K)
 Metaspace       used 55199K, capacity 56780K, committed 56880K, reserved 1099776K
  class space    used 6981K, capacity 7524K, committed 7552K, reserved 1048576K
}
Event: 29.968 GC heap after
{Heap after GC invocations=41 (full 0):
 garbage-first heap   total 143360K, used 94839K [0x0000000080000000, 0x0000000100000000)
  region size 1024K, 1 young (1024K), 1 survivors (1024K)
 Metaspace       used 55199K, capacity 56780K, committed 56880K, reserved 1099776K
  class space    used 6981K, capacity 7524K, committed 7552K, reserved 1048576K
}
Event: 31.239 GC heap before
{Heap before GC invocations=42 (full 0):
 garbage-first heap   total 143360K, used 111223K [0x0000000080000000, 0x0000000100000000)
  region size 1024K, 17 young (17408K), 1 survivors (1024K)
 Metaspace       used 57257K, capacity 58869K, committed 59056K, reserved 1099776K
  class space    used 7278K, capacity 7861K, committed 7936K, reserved 1048576K
}
Event: 31.243 GC heap after
{Heap after GC invocations=43 (full 0):
 garbage-first heap   total 143360K, used 95476K [0x0000000080000000, 0x0000000100000000)
  region size 1024K, 2 young (2048K), 2 survivors (2048K)
 Metaspace       used 57257K, capacity 58869K, committed 59056K, reserved 1099776K
  class space    used 7278K, capacity 7861K, committed 7936K, reserved 1048576K
}
Event: 31.896 GC heap before
{Heap before GC invocations=43 (full 0):
 garbage-first heap   total 143360K, used 111860K [0x0000000080000000, 0x0000000100000000)
  region size 1024K, 19 young (19456K), 2 survivors (2048K)
 Metaspace       used 60182K, capacity 61838K, committed 62128K, reserved 1103872K
  class space    used 7541K, capacity 8126K, committed 8192K, reserved 1048576K
}
Event: 31.901 GC heap after
{Heap after GC invocations=44 (full 0):
 garbage-first heap   total 143360K, used 96072K [0x0000000080000000, 0x0000000100000000)
  region size 1024K, 2 young (2048K), 2 survivors (2048K)
 Metaspace       used 60182K, capacity 61838K, committed 62128K, reserved 1103872K
  class space    used 7541K, capacity 8126K, committed 8192K, reserved 1048576K
}
Event: 32.604 GC heap before
{Heap before GC invocations=45 (full 0):
 garbage-first heap   total 143360K, used 114504K [0x0000000080000000, 0x0000000100000000)
  region size 1024K, 20 young (20480K), 2 survivors (2048K)
 Metaspace       used 62738K, capacity 64499K, committed 64560K, reserved 1105920K
  class space    used 7903K, capacity 8521K, committed 8576K, reserved 1048576K
}
Event: 32.610 GC heap after
{Heap after GC invocations=46 (full 0):
 garbage-first heap   total 143360K, used 97000K [0x0000000080000000, 0x0000000100000000)
  region size 1024K, 3 young (3072K), 3 survivors (3072K)
 Metaspace       used 62738K, capacity 64499K, committed 64560K, reserved 1105920K
  class space    used 7903K, capacity 8521K, committed 8576K, reserved 1048576K
}
Event: 32.956 GC heap before
{Heap before GC invocations=46 (full 0):
 garbage-first heap   total 143360K, used 104168K [0x0000000080000000, 0x0000000100000000)
  region size 1024K, 12 young (12288K), 3 survivors (3072K)
 Metaspace       used 64443K, capacity 66134K, committed 66224K, reserved 1107968K
  class space    used 8088K, capacity 8682K, committed 8704K, reserved 1048576K
}
Event: 32.966 GC heap after
{Heap after GC invocations=47 (full 0):
 garbage-first heap   total 143360K, used 98555K [0x0000000080000000, 0x0000000100000000)
  region size 1024K, 3 young (3072K), 3 survivors (3072K)
 Metaspace       used 64443K, capacity 66134K, committed 66224K, reserved 1107968K
  class space    used 8088K, capacity 8682K, committed 8704K, reserved 1048576K
}
Event: 33.187 GC heap before
{Heap before GC invocations=48 (full 0):
 garbage-first heap   total 143360K, used 115963K [0x0000000080000000, 0x0000000100000000)
  region size 1024K, 17 young (17408K), 3 survivors (3072K)
 Metaspace       used 64447K, capacity 66140K, committed 66224K, reserved 1107968K
  class space    used 8089K, capacity 8683K, committed 8704K, reserved 1048576K
}
Event: 33.198 GC heap after
{Heap after GC invocations=49 (full 0):
 garbage-first heap   total 143360K, used 105060K [0x0000000080000000, 0x0000000100000000)
  region size 1024K, 3 young (3072K), 3 survivors (3072K)
 Metaspace       used 64447K, capacity 66140K, committed 66224K, reserved 1107968K
  class space    used 8089K, capacity 8683K, committed 8704K, reserved 1048576K
}
Event: 33.824 GC heap before
{Heap before GC invocations=50 (full 0):
 garbage-first heap   total 143360K, used 121444K [0x0000000080000000, 0x0000000100000000)
  region size 1024K, 17 young (17408K), 3 survivors (3072K)
 Metaspace       used 65743K, capacity 67434K, committed 67760K, reserved 1107968K
  class space    used 8259K, capacity 8877K, committed 8960K, reserved 1048576K
}

Deoptimization events (20 events):
Event: 33.302 Thread 0x0000016497d04800 DEOPT PACKING pc=0x00000164812c5eb5 sp=0x0000003187ef2670
Event: 33.302 Thread 0x0000016497d04800 DEOPT UNPACKING pc=0x000001648004a95e sp=0x0000003187ef1ac8 mode 0
Event: 33.302 Thread 0x0000016497d04800 DEOPT PACKING pc=0x00000164812c5eb5 sp=0x0000003187ef2670
Event: 33.302 Thread 0x0000016497d04800 DEOPT UNPACKING pc=0x000001648004a95e sp=0x0000003187ef1ac8 mode 0
Event: 33.303 Thread 0x0000016497d04800 DEOPT PACKING pc=0x00000164812c5eb5 sp=0x0000003187ef2670
Event: 33.303 Thread 0x0000016497d04800 DEOPT UNPACKING pc=0x000001648004a95e sp=0x0000003187ef1ac8 mode 0
Event: 33.305 Thread 0x0000016497d04800 DEOPT PACKING pc=0x00000164812c5eb5 sp=0x0000003187ef2670
Event: 33.305 Thread 0x0000016497d04800 DEOPT UNPACKING pc=0x000001648004a95e sp=0x0000003187ef1ac8 mode 0
Event: 33.306 Thread 0x0000016497d04800 DEOPT PACKING pc=0x00000164812c5eb5 sp=0x0000003187ef2670
Event: 33.306 Thread 0x0000016497d04800 DEOPT UNPACKING pc=0x000001648004a95e sp=0x0000003187ef1ac8 mode 0
Event: 33.319 Thread 0x0000016497d04800 DEOPT PACKING pc=0x00000164812c5eb5 sp=0x0000003187ef2670
Event: 33.319 Thread 0x0000016497d04800 DEOPT UNPACKING pc=0x000001648004a95e sp=0x0000003187ef1ac8 mode 0
Event: 33.323 Thread 0x0000016497d04800 DEOPT PACKING pc=0x00000164812c5eb5 sp=0x0000003187ef2670
Event: 33.323 Thread 0x0000016497d04800 DEOPT UNPACKING pc=0x000001648004a95e sp=0x0000003187ef1ac8 mode 0
Event: 33.324 Thread 0x0000016497d04800 DEOPT PACKING pc=0x00000164812c5eb5 sp=0x0000003187ef2670
Event: 33.324 Thread 0x0000016497d04800 DEOPT UNPACKING pc=0x000001648004a95e sp=0x0000003187ef1ac8 mode 0
Event: 33.363 Thread 0x0000016497d04800 Uncommon trap: trap_request=0xffffff4d fr.pc=0x0000016487d82f3c relative=0x000000000000009c
Event: 33.363 Thread 0x0000016497d04800 Uncommon trap: reason=unstable_if action=reinterpret pc=0x0000016487d82f3c method=java.security.CodeSource.matchCerts(Ljava/security/CodeSource;Z)Z @ 11 c2
Event: 33.364 Thread 0x0000016497d04800 DEOPT PACKING pc=0x0000016487d82f3c sp=0x0000003187eefd10
Event: 33.364 Thread 0x0000016497d04800 DEOPT UNPACKING pc=0x000001648004a1af sp=0x0000003187eefca8 mode 2

Classes redefined (0 events):
No events

Internal exceptions (20 events):
Event: 28.156 Thread 0x0000016497d04800 Exception <a 'java/security/PrivilegedActionException'{0x0000000087095f98}> (0x0000000087095f98) thrown at [./src/hotspot/share/prims/jvm.cpp, line 1306]
Event: 28.156 Thread 0x0000016497d04800 Exception <a 'java/security/PrivilegedActionException'{0x0000000087097258}> (0x0000000087097258) thrown at [./src/hotspot/share/prims/jvm.cpp, line 1306]
Event: 28.156 Thread 0x0000016497d04800 Exception <a 'java/security/PrivilegedActionException'{0x0000000087099f20}> (0x0000000087099f20) thrown at [./src/hotspot/share/prims/jvm.cpp, line 1306]
Event: 28.156 Thread 0x0000016497d04800 Exception <a 'java/security/PrivilegedActionException'{0x000000008709b1e0}> (0x000000008709b1e0) thrown at [./src/hotspot/share/prims/jvm.cpp, line 1306]
Event: 28.157 Thread 0x0000016497d04800 Exception <a 'java/security/PrivilegedActionException'{0x000000008709e058}> (0x000000008709e058) thrown at [./src/hotspot/share/prims/jvm.cpp, line 1306]
Event: 28.157 Thread 0x0000016497d04800 Exception <a 'java/security/PrivilegedActionException'{0x000000008709f318}> (0x000000008709f318) thrown at [./src/hotspot/share/prims/jvm.cpp, line 1306]
Event: 28.157 Thread 0x0000016497d04800 Exception <a 'java/security/PrivilegedActionException'{0x00000000870a1f80}> (0x00000000870a1f80) thrown at [./src/hotspot/share/prims/jvm.cpp, line 1306]
Event: 28.157 Thread 0x0000016497d04800 Exception <a 'java/security/PrivilegedActionException'{0x00000000870a3240}> (0x00000000870a3240) thrown at [./src/hotspot/share/prims/jvm.cpp, line 1306]
Event: 28.157 Thread 0x0000016497d04800 Exception <a 'java/security/PrivilegedActionException'{0x00000000870a6098}> (0x00000000870a6098) thrown at [./src/hotspot/share/prims/jvm.cpp, line 1306]
Event: 28.157 Thread 0x0000016497d04800 Exception <a 'java/security/PrivilegedActionException'{0x00000000870a7358}> (0x00000000870a7358) thrown at [./src/hotspot/share/prims/jvm.cpp, line 1306]
Event: 28.816 Thread 0x0000016497d04800 Exception <a 'java/lang/NoSuchMethodError'{0x0000000088855be0}: 'java.lang.Object java.lang.invoke.DirectMethodHandle$Holder.invokeStatic(java.lang.Object, java.lang.Object, java.lang.Object, java.lang.Object, int)'> (0x0000000088855be0) thrown at [./src/hotspot/share/interpreter/linkResolver.cpp, line 773]
Event: 28.817 Thread 0x0000016497d04800 Exception <a 'java/lang/NoSuchMethodError'{0x000000008885a880}: 'java.lang.Object java.lang.invoke.DirectMethodHandle$Holder.invokeSpecial(java.lang.Object, java.lang.Object, java.lang.Object, java.lang.Object, java.lang.Object, int)'> (0x000000008885a880) thrown at [./src/hotspot/share/interpreter/linkResolver.cpp, line 773]
Event: 28.818 Thread 0x0000016497d04800 Exception <a 'java/lang/NoSuchMethodError'{0x000000008885f168}: 'java.lang.Object java.lang.invoke.Invokers$Holder.linkToTargetMethod(java.lang.Object, java.lang.Object, java.lang.Object, int, java.lang.Object)'> (0x000000008885f168) thrown at [./src/hotspot/share/interpreter/linkResolver.cpp, line 773]
Event: 29.986 Thread 0x0000016497d04800 Exception <a 'java/lang/NoSuchMethodError'{0x0000000088b5c498}: 'java.lang.Object java.lang.invoke.DirectMethodHandle$Holder.invokeSpecial(java.lang.Object, java.lang.Object, int, int, java.lang.Object, java.lang.Object, java.lang.Object)'> (0x0000000088b5c498) thrown at [./src/hotspot/share/interpreter/linkResolver.cpp, line 773]
Event: 29.987 Thread 0x0000016497d04800 Exception <a 'java/lang/NoSuchMethodError'{0x0000000088b60cc0}: 'java.lang.Object java.lang.invoke.DelegatingMethodHandle$Holder.reinvoke_L(java.lang.Object, int, int, java.lang.Object, java.lang.Object, java.lang.Object)'> (0x0000000088b60cc0) thrown at [./src/hotspot/share/interpreter/linkResolver.cpp, line 773]
Event: 31.123 Thread 0x0000016497d04800 Exception <a 'java/lang/NoSuchMethodError'{0x0000000087e7bb50}: 'int java.lang.invoke.DirectMethodHandle$Holder.invokeInterface(java.lang.Object, java.lang.Object, java.lang.Object, java.lang.Object)'> (0x0000000087e7bb50) thrown at [./src/hotspot/share/interpreter/linkResolver.cpp, line 773]
Event: 32.391 Thread 0x0000016497d04800 Exception <a 'java/lang/IncompatibleClassChangeError'{0x0000000087f8cc30}: Found class java.lang.Object, but interface was expected> (0x0000000087f8cc30) thrown at [./src/hotspot/share/interpreter/linkResolver.cpp, line 839]
Event: 32.690 Thread 0x0000016497d04800 Implicit null exception at 0x0000016487c0918b to 0x0000016487c09264
Event: 32.785 Thread 0x0000016497d04800 Implicit null exception at 0x0000016487c5332c to 0x0000016487c534da
Event: 33.486 Thread 0x0000016497d04800 Exception <a 'sun/nio/fs/WindowsException'{0x0000000088731798}> (0x0000000088731798) thrown at [./src/hotspot/share/prims/jni.cpp, line 616]

Events (20 events):
Event: 33.795 loading class com/google/common/collect/Sets$1 done
Event: 33.797 loading class com/google/common/collect/Sets$3
Event: 33.797 loading class com/google/common/collect/Sets$3 done
Event: 33.798 loading class com/google/common/collect/ImmutableEnumSet
Event: 33.798 loading class com/google/common/collect/ImmutableEnumSet done
Event: 33.799 loading class com/google/common/collect/Sets$2
Event: 33.799 loading class com/google/common/collect/Sets$2 done
Event: 33.800 loading class com/google/common/collect/Sets$4
Event: 33.800 loading class com/google/common/collect/Sets$4 done
Event: 33.809 loading class com/android/resources/Density
Event: 33.809 loading class com/android/resources/Density done
Event: 33.810 loading class com/android/resources/ResourceEnum
Event: 33.810 loading class com/android/resources/ResourceEnum done
Event: 33.814 loading class com/android/resources/Density$1
Event: 33.814 loading class com/android/resources/Density$1 done
Event: 33.815 loading class com/android/build/gradle/internal/dsl/JavaCompileOptions$AgpDecorated
Event: 33.815 loading class com/android/build/gradle/internal/dsl/JavaCompileOptions$AgpDecorated done
Event: 33.823 loading class com/android/build/gradle/internal/dsl/AnnotationProcessorOptions$AgpDecorated
Event: 33.823 loading class com/android/build/gradle/internal/dsl/AnnotationProcessorOptions$AgpDecorated done
Event: 33.824 Executing VM operation: G1CollectForAllocation


Dynamic libraries:
0x00007ff60ece0000 - 0x00007ff60ecea000 	C:\Users\thanh\AppData\Local\JetBrains\Toolbox\apps\AndroidStudio\ch-0\213.7172.25.2113.9123335\jre\bin\java.exe
0x00007ffbbb2d0000 - 0x00007ffbbb4c8000 	C:\WINDOWS\SYSTEM32\ntdll.dll
0x00007ffbba150000 - 0x00007ffbba20f000 	C:\WINDOWS\System32\KERNEL32.DLL
0x00007ffbb8c60000 - 0x00007ffbb8f32000 	C:\WINDOWS\System32\KERNELBASE.dll
0x00007ffbb9170000 - 0x00007ffbb9270000 	C:\WINDOWS\System32\ucrtbase.dll
0x00007ffba5890000 - 0x00007ffba58a7000 	C:\Users\thanh\AppData\Local\JetBrains\Toolbox\apps\AndroidStudio\ch-0\213.7172.25.2113.9123335\jre\bin\VCRUNTIME140.dll
0x00007ffba5870000 - 0x00007ffba5889000 	C:\Users\thanh\AppData\Local\JetBrains\Toolbox\apps\AndroidStudio\ch-0\213.7172.25.2113.9123335\jre\bin\jli.dll
0x00007ffbbabb0000 - 0x00007ffbbad51000 	C:\WINDOWS\System32\USER32.dll
0x00007ffbb8fe0000 - 0x00007ffbb9002000 	C:\WINDOWS\System32\win32u.dll
0x00007ffbba9f0000 - 0x00007ffbbaa1b000 	C:\WINDOWS\System32\GDI32.dll
0x00007ffbb8a90000 - 0x00007ffbb8b9f000 	C:\WINDOWS\System32\gdi32full.dll
0x00007ffbb8f40000 - 0x00007ffbb8fdd000 	C:\WINDOWS\System32\msvcp_win.dll
0x00007ffba1d50000 - 0x00007ffba1fea000 	C:\WINDOWS\WinSxS\amd64_microsoft.windows.common-controls_6595b64144ccf1df_6.0.19041.1110_none_60b5254171f9507e\COMCTL32.dll
0x00007ffbbad60000 - 0x00007ffbbadfe000 	C:\WINDOWS\System32\msvcrt.dll
0x00007ffbb9f10000 - 0x00007ffbb9f40000 	C:\WINDOWS\System32\IMM32.DLL
0x00007ffba1af0000 - 0x00007ffba1b8d000 	C:\Users\thanh\AppData\Local\JetBrains\Toolbox\apps\AndroidStudio\ch-0\213.7172.25.2113.9123335\jre\bin\msvcp140.dll
0x00007ffb59d90000 - 0x00007ffb5a892000 	C:\Users\thanh\AppData\Local\JetBrains\Toolbox\apps\AndroidStudio\ch-0\213.7172.25.2113.9123335\jre\bin\server\jvm.dll
0x00007ffbb9320000 - 0x00007ffbb93ce000 	C:\WINDOWS\System32\ADVAPI32.dll
0x00007ffbb9cc0000 - 0x00007ffbb9d5c000 	C:\WINDOWS\System32\sechost.dll
0x00007ffbbaa80000 - 0x00007ffbbaba4000 	C:\WINDOWS\System32\RPCRT4.dll
0x00007ffbbb1d0000 - 0x00007ffbbb1d8000 	C:\WINDOWS\System32\PSAPI.DLL
0x00007ffbb6970000 - 0x00007ffbb697a000 	C:\WINDOWS\SYSTEM32\VERSION.dll
0x00007ffbaf5f0000 - 0x00007ffbaf617000 	C:\WINDOWS\SYSTEM32\WINMM.dll
0x00007ffb78a30000 - 0x00007ffb78a39000 	C:\WINDOWS\SYSTEM32\WSOCK32.dll
0x00007ffbbb160000 - 0x00007ffbbb1cb000 	C:\WINDOWS\System32\WS2_32.dll
0x00007ffbb7220000 - 0x00007ffbb7232000 	C:\WINDOWS\SYSTEM32\kernel.appcore.dll
0x00007ffbb3720000 - 0x00007ffbb3731000 	C:\Users\thanh\AppData\Local\JetBrains\Toolbox\apps\AndroidStudio\ch-0\213.7172.25.2113.9123335\jre\bin\verify.dll
0x00007ffbb5de0000 - 0x00007ffbb5fc4000 	C:\WINDOWS\SYSTEM32\DBGHELP.DLL
0x00007ffbaa9f0000 - 0x00007ffbaaa25000 	C:\WINDOWS\SYSTEM32\dbgcore.DLL
0x00007ffbb8ba0000 - 0x00007ffbb8c22000 	C:\WINDOWS\System32\bcryptPrimitives.dll
0x00007ffbb36f0000 - 0x00007ffbb3719000 	C:\Users\thanh\AppData\Local\JetBrains\Toolbox\apps\AndroidStudio\ch-0\213.7172.25.2113.9123335\jre\bin\java.dll
0x00007ffbb36e0000 - 0x00007ffbb36eb000 	C:\Users\thanh\AppData\Local\JetBrains\Toolbox\apps\AndroidStudio\ch-0\213.7172.25.2113.9123335\jre\bin\jimage.dll
0x00007ffbb3630000 - 0x00007ffbb3648000 	C:\Users\thanh\AppData\Local\JetBrains\Toolbox\apps\AndroidStudio\ch-0\213.7172.25.2113.9123335\jre\bin\zip.dll
0x00007ffbb9570000 - 0x00007ffbb9cb5000 	C:\WINDOWS\System32\SHELL32.dll
0x00007ffbb6980000 - 0x00007ffbb7112000 	C:\WINDOWS\SYSTEM32\windows.storage.dll
0x00007ffbbae00000 - 0x00007ffbbb155000 	C:\WINDOWS\System32\combase.dll
0x00007ffbb8350000 - 0x00007ffbb8380000 	C:\WINDOWS\SYSTEM32\Wldp.dll
0x00007ffbba2a0000 - 0x00007ffbba34d000 	C:\WINDOWS\System32\SHCORE.dll
0x00007ffbb94f0000 - 0x00007ffbb9545000 	C:\WINDOWS\System32\shlwapi.dll
0x00007ffbb8910000 - 0x00007ffbb892f000 	C:\WINDOWS\SYSTEM32\profapi.dll
0x00007ffbb3240000 - 0x00007ffbb325a000 	C:\Users\thanh\AppData\Local\JetBrains\Toolbox\apps\AndroidStudio\ch-0\213.7172.25.2113.9123335\jre\bin\net.dll
0x00007ffbaf2b0000 - 0x00007ffbaf3ba000 	C:\WINDOWS\SYSTEM32\WINHTTP.dll
0x00007ffbb80b0000 - 0x00007ffbb811a000 	C:\WINDOWS\system32\mswsock.dll
0x00007ffbb3220000 - 0x00007ffbb3234000 	C:\Users\thanh\AppData\Local\JetBrains\Toolbox\apps\AndroidStudio\ch-0\213.7172.25.2113.9123335\jre\bin\nio.dll
0x00007ffb9db50000 - 0x00007ffb9db77000 	C:\Users\thanh\.gradle\native\e1d6ef7f7dcc3fd88c89a11ec53ec762bb8ba0a96d01ffa2cd45eb1d1d8dd5c5\windows-amd64\native-platform.dll
0x00007ffb94660000 - 0x00007ffb947a4000 	C:\Users\thanh\.gradle\native\0d407fdbe67a94daf76414ababcb853783967236a71b16ec16e742cd7a986fd3\windows-amd64\native-platform-file-events.dll
0x00007ffbb36d0000 - 0x00007ffbb36da000 	C:\Users\thanh\AppData\Local\JetBrains\Toolbox\apps\AndroidStudio\ch-0\213.7172.25.2113.9123335\jre\bin\management.dll
0x00007ffbb35e0000 - 0x00007ffbb35ed000 	C:\Users\thanh\AppData\Local\JetBrains\Toolbox\apps\AndroidStudio\ch-0\213.7172.25.2113.9123335\jre\bin\management_ext.dll
0x00007ffbb82b0000 - 0x00007ffbb82c8000 	C:\WINDOWS\SYSTEM32\CRYPTSP.dll
0x00007ffbb79d0000 - 0x00007ffbb7a04000 	C:\WINDOWS\system32\rsaenh.dll
0x00007ffbb8c30000 - 0x00007ffbb8c57000 	C:\WINDOWS\System32\bcrypt.dll
0x00007ffbb88d0000 - 0x00007ffbb88fe000 	C:\WINDOWS\SYSTEM32\USERENV.dll
0x00007ffbb82a0000 - 0x00007ffbb82ac000 	C:\WINDOWS\SYSTEM32\CRYPTBASE.dll
0x00007ffbb7da0000 - 0x00007ffbb7ddb000 	C:\WINDOWS\SYSTEM32\IPHLPAPI.DLL
0x00007ffbba830000 - 0x00007ffbba838000 	C:\WINDOWS\System32\NSI.dll
0x00007ffbb06f0000 - 0x00007ffbb0707000 	C:\WINDOWS\SYSTEM32\dhcpcsvc6.DLL
0x00007ffbb0430000 - 0x00007ffbb044d000 	C:\WINDOWS\SYSTEM32\dhcpcsvc.DLL
0x00007ffbb7de0000 - 0x00007ffbb7eab000 	C:\WINDOWS\SYSTEM32\DNSAPI.dll

dbghelp: loaded successfully - version: 4.0.5 - missing functions: none
symbol engine: initialized successfully - sym options: 0x614 - pdb path: .;C:\Users\thanh\AppData\Local\JetBrains\Toolbox\apps\AndroidStudio\ch-0\213.7172.25.2113.9123335\jre\bin;C:\WINDOWS\SYSTEM32;C:\WINDOWS\WinSxS\amd64_microsoft.windows.common-controls_6595b64144ccf1df_6.0.19041.1110_none_60b5254171f9507e;C:\Users\thanh\AppData\Local\JetBrains\Toolbox\apps\AndroidStudio\ch-0\213.7172.25.2113.9123335\jre\bin\server;C:\Users\thanh\.gradle\native\e1d6ef7f7dcc3fd88c89a11ec53ec762bb8ba0a96d01ffa2cd45eb1d1d8dd5c5\windows-amd64;C:\Users\thanh\.gradle\native\0d407fdbe67a94daf76414ababcb853783967236a71b16ec16e742cd7a986fd3\windows-amd64

VM Arguments:
jvm_args: --add-opens=java.base/java.util=ALL-UNNAMED --add-opens=java.base/java.lang=ALL-UNNAMED --add-opens=java.base/java.lang.invoke=ALL-UNNAMED --add-opens=java.base/java.util=ALL-UNNAMED --add-opens=java.prefs/java.util.prefs=ALL-UNNAMED --add-opens=java.prefs/java.util.prefs=ALL-UNNAMED --add-opens=java.base/java.nio.charset=ALL-UNNAMED --add-opens=java.base/java.net=ALL-UNNAMED --add-opens=java.base/java.util.concurrent.atomic=ALL-UNNAMED -Xmx2048m -Dfile.encoding=UTF-8 -Duser.country=US -Duser.language=en -Duser.variant 
java_command: org.gradle.launcher.daemon.bootstrap.GradleDaemon 7.4
java_class_path (initial): C:\Users\thanh\.gradle\wrapper\dists\gradle-7.4-bin\c0gwcg53nkjbqw7r0h0umtfvt\gradle-7.4\lib\gradle-launcher-7.4.jar
Launcher Type: SUN_STANDARD

[Global flags]
     intx CICompilerCount                          = 4                                         {product} {ergonomic}
     uint ConcGCThreads                            = 2                                         {product} {ergonomic}
     uint G1ConcRefinementThreads                  = 8                                         {product} {ergonomic}
   size_t G1HeapRegionSize                         = 1048576                                   {product} {ergonomic}
    uintx GCDrainStackTargetSize                   = 64                                        {product} {ergonomic}
   size_t InitialHeapSize                          = 100663296                                 {product} {ergonomic}
   size_t MarkStackSize                            = 4194304                                   {product} {ergonomic}
   size_t MaxHeapSize                              = 2147483648                                {product} {command line}
   size_t MaxNewSize                               = 1287651328                                {product} {ergonomic}
   size_t MinHeapDeltaBytes                        = 1048576                                   {product} {ergonomic}
    uintx NonNMethodCodeHeapSize                   = 5836300                                {pd product} {ergonomic}
    uintx NonProfiledCodeHeapSize                  = 122910970                              {pd product} {ergonomic}
    uintx ProfiledCodeHeapSize                     = 122910970                              {pd product} {ergonomic}
    uintx ReservedCodeCacheSize                    = 251658240                              {pd product} {ergonomic}
     bool SegmentedCodeCache                       = true                                      {product} {ergonomic}
     bool UseCompressedClassPointers               = true                                 {lp64_product} {ergonomic}
     bool UseCompressedOops                        = true                                 {lp64_product} {ergonomic}
     bool UseG1GC                                  = true                                      {product} {ergonomic}
     bool UseLargePagesIndividualAllocation        = false                                  {pd product} {ergonomic}

Logging:
Log output configuration:
 #0: stdout all=warning uptime,level,tags
 #1: stderr all=off uptime,level,tags

Environment Variables:
PATH=C:\ProgramData\Oracle\Java\javapath;C:\WINDOWS\system32;C:\WINDOWS;C:\WINDOWS\System32\Wbem;C:\WINDOWS\System32\WindowsPowerShell\v1.0\;C:\WINDOWS\System32\OpenSSH\;D:\Git\cmd;C:\Program Files\nodejs\;C:\Program Files\MySQL\MySQL Shell 8.0\bin\;C:\Users\thanh\AppData\Local\Microsoft\WindowsApps;D:\Microsoft VS Code\bin;C:\Users\thanh\AppData\Roaming\npm;C:\Users\thanh\AppData\Local\Android\Sdk\platform-tools;C:\Users\src\flutter\bin;C:\Users\src\flutter;D:\MongoDB\;C:\Users\thanh\AppData\Local\JetBrains\Toolbox\scripts;C:\Users\src\dartsdk-windows-x64-release\dart-sdk\bin;C:\Users\src\dartsdk-windows-x64-release\dart-sdk;
USERNAME=thanh
OS=Windows_NT
PROCESSOR_IDENTIFIER=AMD64 Family 23 Model 24 Stepping 1, AuthenticAMD



---------------  S Y S T E M  ---------------

OS: Windows 10 , 64 bit Build 19041 (10.0.19041.2546)
OS uptime: 0 days 1:53 hours

CPU:total 8 (initial active 8) (8 cores per cpu, 2 threads per core) family 23 model 24 stepping 1 microcode 0x0, cmov, cx8, fxsr, mmx, sse, sse2, sse3, ssse3, sse4.1, sse4.2, popcnt, avx, avx2, aes, clmul, mmxext, 3dnowpref, lzcnt, sse4a, ht, tsc, tscinvbit, tscinv, bmi1, bmi2, adx, sha, fma

Memory: 4k page, system-wide physical 6079M (108M free)
TotalPageFile size 24511M (AvailPageFile size 21M)
current process WorkingSet (physical memory assigned to process): 298M, peak: 309M
current process commit charge ("private bytes"): 379M, peak: 405M

vm_info: OpenJDK 64-Bit Server VM (11.0.13+0-b1751.21-8125866) for windows-amd64 JRE (11.0.13+0-b1751.21-8125866), built on Feb  2 2022 03:00:22 by "builder" with MS VC++ 14.0 (VS2015)

END.
