#
# There is insufficient memory for the Java Runtime Environment to continue.
# Native memory allocation (malloc) failed to allocate 1206256 bytes for Chunk::new
# Possible reasons:
#   The system is out of physical RAM or swap space
#   The process is running with CompressedOops enabled, and the Java Heap may be blocking the growth of the native heap
# Possible solutions:
#   Reduce memory load on the system
#   Increase physical memory or swap space
#   Check if swap backing store is full
#   Decrease Java heap size (-Xmx/-Xms)
#   Decrease number of Java threads
#   Decrease Java thread stack sizes (-Xss)
#   Set larger code cache with -XX:ReservedCodeCacheSize=
#   JVM is running with Unscaled Compressed Oops mode in which the Java heap is
#     placed in the first 4GB address space. The Java Heap base address is the
#     maximum limit for the native heap growth. Please use -XX:HeapBaseMinAddress
#     to set the Java Heap base and to place the Java Heap above 4GB virtual address.
# This output file may be truncated or incomplete.
#
#  Out of Memory Error (./src/hotspot/share/memory/arena.cpp:197), pid=17528, tid=20584
#
# JRE version: OpenJDK Runtime Environment (11.0.13) (build 11.0.13+0-b1751.21-8125866)
# Java VM: OpenJDK 64-Bit Server VM (11.0.13+0-b1751.21-8125866, mixed mode, tiered, compressed oops, g1 gc, windows-amd64)
# No core dump will be written. Minidumps are not enabled by default on client versions of Windows
#

---------------  S U M M A R Y ------------

Command Line: --add-opens=java.base/java.util=ALL-UNNAMED --add-opens=java.base/java.lang=ALL-UNNAMED --add-opens=java.base/java.lang.invoke=ALL-UNNAMED --add-opens=java.base/java.util=ALL-UNNAMED --add-opens=java.prefs/java.util.prefs=ALL-UNNAMED --add-opens=java.prefs/java.util.prefs=ALL-UNNAMED --add-opens=java.base/java.nio.charset=ALL-UNNAMED --add-opens=java.base/java.net=ALL-UNNAMED --add-opens=java.base/java.util.concurrent.atomic=ALL-UNNAMED -Xmx2048m -Dfile.encoding=UTF-8 -Duser.country=US -Duser.language=en -Duser.variant org.gradle.launcher.daemon.bootstrap.GradleDaemon 7.4

Host: AMD Ryzen 5 3500U with Radeon Vega Mobile Gfx  , 8 cores, 5G,  Windows 10 , 64 bit Build 19041 (10.0.19041.2546)
Time: Fri Mar 17 11:03:27 2023 SE Asia Standard Time elapsed time: 19.190992 seconds (0d 0h 0m 19s)

---------------  T H R E A D  ---------------

Current thread (0x0000021afe779000):  JavaThread "C2 CompilerThread0" daemon [_thread_in_native, id=20584, stack(0x000000aead000000,0x000000aead100000)]


Current CompileTask:
C2:  19191 6048   !   4       com.google.common.reflect.TypeVisitor::visit (244 bytes)

Stack: [0x000000aead000000,0x000000aead100000]
Native frames: (J=compiled Java code, j=interpreted, Vv=VM code, C=native code)
V  [jvm.dll+0x6100fa]
V  [jvm.dll+0x747090]
V  [jvm.dll+0x7486ad]
V  [jvm.dll+0x748d83]
V  [jvm.dll+0x24ab48]
V  [jvm.dll+0xc04dc]
V  [jvm.dll+0xc0a0c]
V  [jvm.dll+0x35eb9d]
V  [jvm.dll+0x19d7bc]
V  [jvm.dll+0x2033be]
V  [jvm.dll+0x202437]
V  [jvm.dll+0x188e01]
V  [jvm.dll+0x21106b]
V  [jvm.dll+0x20f8c1]
V  [jvm.dll+0x70de0f]
V  [jvm.dll+0x706a75]
V  [jvm.dll+0x60ed66]
C  [ucrtbase.dll+0x21bb2]
C  [KERNEL32.DLL+0x17614]
C  [ntdll.dll+0x526a1]


---------------  P R O C E S S  ---------------

Threads class SMR info:
_java_thread_list=0x0000021a91c3df60, length=121, elements={
0x0000021af2b7c800, 0x0000021afe756800, 0x0000021afe75b800, 0x0000021aff0f2800,
0x0000021afe774800, 0x0000021afe778800, 0x0000021afe779000, 0x0000021afe788800,
0x0000021afe78c000, 0x0000021aff236800, 0x0000021a8f314800, 0x0000021a90d96000,
0x0000021a90010800, 0x0000021a8f272800, 0x0000021affc0f800, 0x0000021a90508800,
0x0000021aff5c4800, 0x0000021a90f7a800, 0x0000021a90f93000, 0x0000021a90017800,
0x0000021a912fe800, 0x0000021a912fa800, 0x0000021a912fd000, 0x0000021a912fc000,
0x0000021a912f8800, 0x0000021a912fd800, 0x0000021a912ff000, 0x0000021a912f9800,
0x0000021a912fb000, 0x0000021a91223800, 0x0000021a91228000, 0x0000021a91229000,
0x0000021a91225000, 0x0000021a9122a000, 0x0000021a91224000, 0x0000021a9122a800,
0x0000021a9122b800, 0x0000021a91225800, 0x0000021a91227800, 0x0000021a9122e000,
0x0000021a91232000, 0x0000021a9122f800, 0x0000021a91230800, 0x0000021a91231000,
0x0000021a90d6b800, 0x0000021a90d6c800, 0x0000021a90d67000, 0x0000021a90d69800,
0x0000021a90d6a000, 0x0000021a90d6d800, 0x0000021a90d67800, 0x0000021a90d6b000,
0x0000021a90d6e000, 0x0000021a90d68800, 0x0000021a90d72800, 0x0000021a90d6f000,
0x0000021a90d74800, 0x0000021a90d74000, 0x0000021a90d75800, 0x0000021a90d70000,
0x0000021a90d71800, 0x0000021a90d70800, 0x0000021a90d73000, 0x0000021a90582800,
0x0000021a9057c800, 0x0000021a90580800, 0x0000021a9057e800, 0x0000021a9057d800,
0x0000021a90581800, 0x0000021a90583000, 0x0000021a90584000, 0x0000021a90585000,
0x0000021a9057f000, 0x0000021a90585800, 0x0000021a90580000, 0x0000021a9058b800,
0x0000021a90586800, 0x0000021a90587800, 0x0000021a90588000, 0x0000021a90589000,
0x0000021a90589800, 0x0000021a9058a800, 0x0000021a932f5000, 0x0000021a932f3000,
0x0000021a932f3800, 0x0000021a932f4800, 0x0000021a932f6000, 0x0000021a932f0800,
0x0000021a932f7000, 0x0000021a932f1000, 0x0000021a932f2000, 0x0000021a932f9800,
0x0000021a932fa000, 0x0000021a932fb000, 0x0000021a932f8800, 0x0000021a932fb800,
0x0000021a932fc800, 0x0000021a932f7800, 0x0000021a932fd800, 0x0000021a932fe000,
0x0000021a932ff000, 0x0000021a91c48800, 0x0000021a91c42800, 0x0000021a91c49000,
0x0000021a91c43800, 0x0000021a91c4a000, 0x0000021a91c44000, 0x0000021a91c46800,
0x0000021a91c47800, 0x0000021a91c45000, 0x0000021a91c4a800, 0x0000021a91c4b800,
0x0000021a91c46000, 0x0000021a91c4c800, 0x0000021a91c4f000, 0x0000021a91c50800,
0x0000021a91c4d000, 0x0000021a91c51000, 0x0000021a91c4f800, 0x0000021a91c4e000,
0x0000021a914e0000
}

Java Threads: ( => current thread )
  0x0000021af2b7c800 JavaThread "main" [_thread_blocked, id=19184, stack(0x000000aeac400000,0x000000aeac500000)]
  0x0000021afe756800 JavaThread "Reference Handler" daemon [_thread_blocked, id=6380, stack(0x000000aeacb00000,0x000000aeacc00000)]
  0x0000021afe75b800 JavaThread "Finalizer" daemon [_thread_blocked, id=20520, stack(0x000000aeacc00000,0x000000aeacd00000)]
  0x0000021aff0f2800 JavaThread "Signal Dispatcher" daemon [_thread_blocked, id=20524, stack(0x000000aeacd00000,0x000000aeace00000)]
  0x0000021afe774800 JavaThread "Attach Listener" daemon [_thread_blocked, id=20528, stack(0x000000aeace00000,0x000000aeacf00000)]
  0x0000021afe778800 JavaThread "Service Thread" daemon [_thread_blocked, id=17684, stack(0x000000aeacf00000,0x000000aead000000)]
=>0x0000021afe779000 JavaThread "C2 CompilerThread0" daemon [_thread_in_native, id=20584, stack(0x000000aead000000,0x000000aead100000)]
  0x0000021afe788800 JavaThread "C1 CompilerThread0" daemon [_thread_blocked, id=20568, stack(0x000000aead100000,0x000000aead200000)]
  0x0000021afe78c000 JavaThread "Sweeper thread" daemon [_thread_blocked, id=20548, stack(0x000000aead200000,0x000000aead300000)]
  0x0000021aff236800 JavaThread "Common-Cleaner" daemon [_thread_blocked, id=17308, stack(0x000000aead300000,0x000000aead400000)]
  0x0000021a8f314800 JavaThread "Daemon health stats" [_thread_blocked, id=20556, stack(0x000000aead700000,0x000000aead800000)]
  0x0000021a90d96000 JavaThread "Incoming local TCP Connector on port 51664" [_thread_in_native, id=20600, stack(0x000000aead500000,0x000000aead600000)]
  0x0000021a90010800 JavaThread "Daemon periodic checks" [_thread_blocked, id=19648, stack(0x000000aead800000,0x000000aead900000)]
  0x0000021a8f272800 JavaThread "Daemon" [_thread_blocked, id=17056, stack(0x000000aead900000,0x000000aeada00000)]
  0x0000021affc0f800 JavaThread "Handler for socket connection from /127.0.0.1:51664 to /127.0.0.1:51665" [_thread_in_native, id=20016, stack(0x000000aeada00000,0x000000aeadb00000)]
  0x0000021a90508800 JavaThread "Cancel handler" [_thread_blocked, id=12788, stack(0x000000aeadb00000,0x000000aeadc00000)]
  0x0000021aff5c4800 JavaThread "Daemon worker" [_thread_in_vm, id=20476, stack(0x000000aeadc00000,0x000000aeadd00000)]
  0x0000021a90f7a800 JavaThread "Asynchronous log dispatcher for DefaultDaemonConnection: socket connection from /127.0.0.1:51664 to /127.0.0.1:51665" [_thread_blocked, id=14648, stack(0x000000aeadd00000,0x000000aeade00000)]
  0x0000021a90f93000 JavaThread "Stdin handler" [_thread_blocked, id=21400, stack(0x000000aeade00000,0x000000aeadf00000)]
  0x0000021a90017800 JavaThread "Daemon client event forwarder" [_thread_blocked, id=19340, stack(0x000000aeadf00000,0x000000aeae000000)]
  0x0000021a912fe800 JavaThread "Cache worker for journal cache (C:\Users\thanh\.gradle\caches\journal-1)" [_thread_blocked, id=16664, stack(0x000000aeae000000,0x000000aeae100000)]
  0x0000021a912fa800 JavaThread "File lock request listener" [_thread_in_native, id=17080, stack(0x000000aeae100000,0x000000aeae200000)]
  0x0000021a912fd000 JavaThread "Cache worker for file hash cache (C:\Users\thanh\.gradle\caches\7.4\fileHashes)" [_thread_blocked, id=10404, stack(0x000000aeae900000,0x000000aeaea00000)]
  0x0000021a912fc000 JavaThread "File watcher server" daemon [_thread_in_native, id=21100, stack(0x000000aeaeb00000,0x000000aeaec00000)]
  0x0000021a912f8800 JavaThread "File watcher consumer" daemon [_thread_blocked, id=20044, stack(0x000000aeaec00000,0x000000aeaed00000)]
  0x0000021a912fd800 JavaThread "jar transforms" [_thread_blocked, id=5856, stack(0x000000aeaed00000,0x000000aeaee00000)]
  0x0000021a912ff000 JavaThread "jar transforms Thread 2" [_thread_blocked, id=18796, stack(0x000000aeaee00000,0x000000aeaef00000)]
  0x0000021a912f9800 JavaThread "jar transforms Thread 3" [_thread_blocked, id=20764, stack(0x000000aeaef00000,0x000000aeaf000000)]
  0x0000021a912fb000 JavaThread "jar transforms Thread 4" [_thread_blocked, id=20760, stack(0x000000aeaf000000,0x000000aeaf100000)]
  0x0000021a91223800 JavaThread "jar transforms Thread 5" [_thread_blocked, id=20868, stack(0x000000aeaf100000,0x000000aeaf200000)]
  0x0000021a91228000 JavaThread "jar transforms Thread 6" [_thread_blocked, id=20864, stack(0x000000aeaf200000,0x000000aeaf300000)]
  0x0000021a91229000 JavaThread "jar transforms Thread 7" [_thread_blocked, id=17876, stack(0x000000aeaf300000,0x000000aeaf400000)]
  0x0000021a91225000 JavaThread "jar transforms Thread 8" [_thread_blocked, id=20780, stack(0x000000aeaf400000,0x000000aeaf500000)]
  0x0000021a9122a000 JavaThread "Cache worker for checksums cache (D:\NTQ_LyThuyet\Shopping\.gradle\7.4\checksums)" [_thread_blocked, id=9248, stack(0x000000aeaf500000,0x000000aeaf600000)]
  0x0000021a91224000 JavaThread "Cache worker for cache directory md-rule (C:\Users\thanh\.gradle\caches\7.4\md-rule)" [_thread_blocked, id=18212, stack(0x000000aeaea00000,0x000000aeaeb00000)]
  0x0000021a9122a800 JavaThread "Cache worker for file hash cache (D:\NTQ_LyThuyet\Shopping\.gradle\7.4\fileHashes)" [_thread_blocked, id=20860, stack(0x000000aeaf600000,0x000000aeaf700000)]
  0x0000021a9122b800 JavaThread "Cache worker for cache directory md-supplier (C:\Users\thanh\.gradle\caches\7.4\md-supplier)" [_thread_blocked, id=10428, stack(0x000000aeaf700000,0x000000aeaf800000)]
  0x0000021a91225800 JavaThread "Cache worker for execution history cache (C:\Users\thanh\.gradle\caches\7.4\executionHistory)" [_thread_blocked, id=21360, stack(0x000000aeaf900000,0x000000aeafa00000)]
  0x0000021a91227800 JavaThread "Cache worker for file content cache (C:\Users\thanh\.gradle\caches\7.4\fileContent)" [_thread_blocked, id=20684, stack(0x000000aeafa00000,0x000000aeafb00000)]
  0x0000021a9122e000 JavaThread "Cache worker for dependencies-accessors (D:\NTQ_LyThuyet\Shopping\.gradle\7.4\dependencies-accessors)" [_thread_blocked, id=20968, stack(0x000000aeafb00000,0x000000aeafc00000)]
  0x0000021a91232000 JavaThread "Cache worker for Build Output Cleanup Cache (D:\NTQ_LyThuyet\Shopping\.gradle\buildOutputCleanup)" [_thread_blocked, id=20612, stack(0x000000aeafc00000,0x000000aeafd00000)]
  0x0000021a9122f800 JavaThread "Unconstrained build operations" [_thread_blocked, id=18208, stack(0x000000aeaf800000,0x000000aeaf900000)]
  0x0000021a91230800 JavaThread "Unconstrained build operations Thread 2" [_thread_blocked, id=4060, stack(0x000000aeafd00000,0x000000aeafe00000)]
  0x0000021a91231000 JavaThread "Unconstrained build operations Thread 3" [_thread_blocked, id=17480, stack(0x000000aeafe00000,0x000000aeaff00000)]
  0x0000021a90d6b800 JavaThread "Unconstrained build operations Thread 4" [_thread_blocked, id=12912, stack(0x000000aeaff00000,0x000000aeb0000000)]
  0x0000021a90d6c800 JavaThread "Unconstrained build operations Thread 5" [_thread_blocked, id=20904, stack(0x000000aeb0000000,0x000000aeb0100000)]
  0x0000021a90d67000 JavaThread "Unconstrained build operations Thread 6" [_thread_blocked, id=5036, stack(0x000000aeb0100000,0x000000aeb0200000)]
  0x0000021a90d69800 JavaThread "Unconstrained build operations Thread 7" [_thread_blocked, id=20856, stack(0x000000aeb0200000,0x000000aeb0300000)]
  0x0000021a90d6a000 JavaThread "Unconstrained build operations Thread 8" [_thread_blocked, id=18900, stack(0x000000aeb0300000,0x000000aeb0400000)]
  0x0000021a90d6d800 JavaThread "Unconstrained build operations Thread 9" [_thread_blocked, id=18984, stack(0x000000aeb0400000,0x000000aeb0500000)]
  0x0000021a90d67800 JavaThread "Unconstrained build operations Thread 10" [_thread_blocked, id=6184, stack(0x000000aeb0500000,0x000000aeb0600000)]
  0x0000021a90d6b000 JavaThread "Unconstrained build operations Thread 11" [_thread_blocked, id=2348, stack(0x000000aeb0600000,0x000000aeb0700000)]
  0x0000021a90d6e000 JavaThread "Unconstrained build operations Thread 12" [_thread_blocked, id=20908, stack(0x000000aeb0700000,0x000000aeb0800000)]
  0x0000021a90d68800 JavaThread "Unconstrained build operations Thread 13" [_thread_blocked, id=20832, stack(0x000000aeb0800000,0x000000aeb0900000)]
  0x0000021a90d72800 JavaThread "Unconstrained build operations Thread 14" [_thread_blocked, id=11660, stack(0x000000aeb0900000,0x000000aeb0a00000)]
  0x0000021a90d6f000 JavaThread "Unconstrained build operations Thread 15" [_thread_blocked, id=16620, stack(0x000000aeb0a00000,0x000000aeb0b00000)]
  0x0000021a90d74800 JavaThread "Unconstrained build operations Thread 16" [_thread_blocked, id=20884, stack(0x000000aeb0b00000,0x000000aeb0c00000)]
  0x0000021a90d74000 JavaThread "Unconstrained build operations Thread 17" [_thread_blocked, id=19036, stack(0x000000aeb0c00000,0x000000aeb0d00000)]
  0x0000021a90d75800 JavaThread "Unconstrained build operations Thread 18" [_thread_blocked, id=16636, stack(0x000000aeb0d00000,0x000000aeb0e00000)]
  0x0000021a90d70000 JavaThread "Unconstrained build operations Thread 19" [_thread_blocked, id=11636, stack(0x000000aeb0e00000,0x000000aeb0f00000)]
  0x0000021a90d71800 JavaThread "Unconstrained build operations Thread 20" [_thread_blocked, id=20924, stack(0x000000aeb0f00000,0x000000aeb1000000)]
  0x0000021a90d70800 JavaThread "Unconstrained build operations Thread 21" [_thread_blocked, id=20464, stack(0x000000aeb1000000,0x000000aeb1100000)]
  0x0000021a90d73000 JavaThread "Unconstrained build operations Thread 22" [_thread_blocked, id=20544, stack(0x000000aeb1100000,0x000000aeb1200000)]
  0x0000021a90582800 JavaThread "Unconstrained build operations Thread 23" [_thread_blocked, id=20512, stack(0x000000aeb1200000,0x000000aeb1300000)]
  0x0000021a9057c800 JavaThread "Unconstrained build operations Thread 24" [_thread_blocked, id=20812, stack(0x000000aeb1300000,0x000000aeb1400000)]
  0x0000021a90580800 JavaThread "Unconstrained build operations Thread 25" [_thread_blocked, id=20636, stack(0x000000aeb1400000,0x000000aeb1500000)]
  0x0000021a9057e800 JavaThread "Unconstrained build operations Thread 26" [_thread_blocked, id=9620, stack(0x000000aeb1500000,0x000000aeb1600000)]
  0x0000021a9057d800 JavaThread "Unconstrained build operations Thread 27" [_thread_blocked, id=20744, stack(0x000000aeb1600000,0x000000aeb1700000)]
  0x0000021a90581800 JavaThread "Unconstrained build operations Thread 28" [_thread_blocked, id=13608, stack(0x000000aeb1700000,0x000000aeb1800000)]
  0x0000021a90583000 JavaThread "Unconstrained build operations Thread 29" [_thread_blocked, id=20980, stack(0x000000aeb1800000,0x000000aeb1900000)]
  0x0000021a90584000 JavaThread "Unconstrained build operations Thread 30" [_thread_blocked, id=20988, stack(0x000000aeb1900000,0x000000aeb1a00000)]
  0x0000021a90585000 JavaThread "Unconstrained build operations Thread 31" [_thread_blocked, id=21232, stack(0x000000aeb1a00000,0x000000aeb1b00000)]
  0x0000021a9057f000 JavaThread "Unconstrained build operations Thread 32" [_thread_blocked, id=6612, stack(0x000000aeb1b00000,0x000000aeb1c00000)]
  0x0000021a90585800 JavaThread "Unconstrained build operations Thread 33" [_thread_blocked, id=21040, stack(0x000000aeb1c00000,0x000000aeb1d00000)]
  0x0000021a90580000 JavaThread "Unconstrained build operations Thread 34" [_thread_blocked, id=19208, stack(0x000000aeb1d00000,0x000000aeb1e00000)]
  0x0000021a9058b800 JavaThread "Unconstrained build operations Thread 35" [_thread_blocked, id=20428, stack(0x000000aeb1e00000,0x000000aeb1f00000)]
  0x0000021a90586800 JavaThread "Unconstrained build operations Thread 36" [_thread_blocked, id=20772, stack(0x000000aeb1f00000,0x000000aeb2000000)]
  0x0000021a90587800 JavaThread "Unconstrained build operations Thread 37" [_thread_blocked, id=20740, stack(0x000000aeb2000000,0x000000aeb2100000)]
  0x0000021a90588000 JavaThread "Unconstrained build operations Thread 38" [_thread_blocked, id=20212, stack(0x000000aeb2100000,0x000000aeb2200000)]
  0x0000021a90589000 JavaThread "Unconstrained build operations Thread 39" [_thread_blocked, id=2820, stack(0x000000aeb2200000,0x000000aeb2300000)]
  0x0000021a90589800 JavaThread "Unconstrained build operations Thread 40" [_thread_blocked, id=18672, stack(0x000000aeb2300000,0x000000aeb2400000)]
  0x0000021a9058a800 JavaThread "Unconstrained build operations Thread 41" [_thread_blocked, id=20248, stack(0x000000aeb2400000,0x000000aeb2500000)]
  0x0000021a932f5000 JavaThread "Unconstrained build operations Thread 42" [_thread_blocked, id=20976, stack(0x000000aeb2500000,0x000000aeb2600000)]
  0x0000021a932f3000 JavaThread "Unconstrained build operations Thread 43" [_thread_blocked, id=19968, stack(0x000000aeb2600000,0x000000aeb2700000)]
  0x0000021a932f3800 JavaThread "Unconstrained build operations Thread 44" [_thread_blocked, id=21132, stack(0x000000aeb2700000,0x000000aeb2800000)]
  0x0000021a932f4800 JavaThread "Unconstrained build operations Thread 45" [_thread_blocked, id=19620, stack(0x000000aeb2800000,0x000000aeb2900000)]
  0x0000021a932f6000 JavaThread "Unconstrained build operations Thread 46" [_thread_blocked, id=20820, stack(0x000000aeb2900000,0x000000aeb2a00000)]
  0x0000021a932f0800 JavaThread "Unconstrained build operations Thread 47" [_thread_blocked, id=20852, stack(0x000000aeb2a00000,0x000000aeb2b00000)]
  0x0000021a932f7000 JavaThread "Unconstrained build operations Thread 48" [_thread_blocked, id=21316, stack(0x000000aeb2b00000,0x000000aeb2c00000)]
  0x0000021a932f1000 JavaThread "Unconstrained build operations Thread 49" [_thread_blocked, id=20072, stack(0x000000aeb2c00000,0x000000aeb2d00000)]
  0x0000021a932f2000 JavaThread "Unconstrained build operations Thread 50" [_thread_blocked, id=21312, stack(0x000000aeb2d00000,0x000000aeb2e00000)]
  0x0000021a932f9800 JavaThread "Unconstrained build operations Thread 51" [_thread_blocked, id=18476, stack(0x000000aeb2e00000,0x000000aeb2f00000)]
  0x0000021a932fa000 JavaThread "Unconstrained build operations Thread 52" [_thread_blocked, id=1932, stack(0x000000aeb2f00000,0x000000aeb3000000)]
  0x0000021a932fb000 JavaThread "Unconstrained build operations Thread 53" [_thread_blocked, id=21368, stack(0x000000aeb3000000,0x000000aeb3100000)]
  0x0000021a932f8800 JavaThread "Unconstrained build operations Thread 54" [_thread_blocked, id=19792, stack(0x000000aeb3100000,0x000000aeb3200000)]
  0x0000021a932fb800 JavaThread "Unconstrained build operations Thread 55" [_thread_blocked, id=5636, stack(0x000000aeb3200000,0x000000aeb3300000)]
  0x0000021a932fc800 JavaThread "Unconstrained build operations Thread 56" [_thread_blocked, id=20648, stack(0x000000aeb3300000,0x000000aeb3400000)]
  0x0000021a932f7800 JavaThread "Unconstrained build operations Thread 57" [_thread_blocked, id=21384, stack(0x000000aeb3400000,0x000000aeb3500000)]
  0x0000021a932fd800 JavaThread "Unconstrained build operations Thread 58" [_thread_blocked, id=20892, stack(0x000000aeb3500000,0x000000aeb3600000)]
  0x0000021a932fe000 JavaThread "Unconstrained build operations Thread 59" [_thread_blocked, id=21184, stack(0x000000aeb3600000,0x000000aeb3700000)]
  0x0000021a932ff000 JavaThread "Unconstrained build operations Thread 60" [_thread_blocked, id=20676, stack(0x000000aeb3700000,0x000000aeb3800000)]
  0x0000021a91c48800 JavaThread "Unconstrained build operations Thread 61" [_thread_blocked, id=21028, stack(0x000000aeb3800000,0x000000aeb3900000)]
  0x0000021a91c42800 JavaThread "Unconstrained build operations Thread 62" [_thread_blocked, id=21208, stack(0x000000aeb3900000,0x000000aeb3a00000)]
  0x0000021a91c49000 JavaThread "Unconstrained build operations Thread 63" [_thread_blocked, id=20828, stack(0x000000aeb3a00000,0x000000aeb3b00000)]
  0x0000021a91c43800 JavaThread "Unconstrained build operations Thread 64" [_thread_blocked, id=17004, stack(0x000000aeb3b00000,0x000000aeb3c00000)]
  0x0000021a91c4a000 JavaThread "Unconstrained build operations Thread 65" [_thread_blocked, id=20900, stack(0x000000aeb3c00000,0x000000aeb3d00000)]
  0x0000021a91c44000 JavaThread "Unconstrained build operations Thread 66" [_thread_blocked, id=20792, stack(0x000000aeb3d00000,0x000000aeb3e00000)]
  0x0000021a91c46800 JavaThread "Unconstrained build operations Thread 67" [_thread_blocked, id=19124, stack(0x000000aeb3e00000,0x000000aeb3f00000)]
  0x0000021a91c47800 JavaThread "Unconstrained build operations Thread 68" [_thread_blocked, id=20920, stack(0x000000aeb3f00000,0x000000aeb4000000)]
  0x0000021a91c45000 JavaThread "Unconstrained build operations Thread 69" [_thread_blocked, id=21064, stack(0x000000aeb4000000,0x000000aeb4100000)]
  0x0000021a91c4a800 JavaThread "Unconstrained build operations Thread 70" [_thread_blocked, id=20152, stack(0x000000aeb4100000,0x000000aeb4200000)]
  0x0000021a91c4b800 JavaThread "Unconstrained build operations Thread 71" [_thread_blocked, id=9860, stack(0x000000aeb4200000,0x000000aeb4300000)]
  0x0000021a91c46000 JavaThread "Unconstrained build operations Thread 72" [_thread_blocked, id=20996, stack(0x000000aeb4300000,0x000000aeb4400000)]
  0x0000021a91c4c800 JavaThread "Unconstrained build operations Thread 73" [_thread_blocked, id=2196, stack(0x000000aeb4400000,0x000000aeb4500000)]
  0x0000021a91c4f000 JavaThread "Unconstrained build operations Thread 74" [_thread_blocked, id=14516, stack(0x000000aeb4500000,0x000000aeb4600000)]
  0x0000021a91c50800 JavaThread "Unconstrained build operations Thread 75" [_thread_blocked, id=19132, stack(0x000000aeb4600000,0x000000aeb4700000)]
  0x0000021a91c4d000 JavaThread "Unconstrained build operations Thread 76" [_thread_blocked, id=20672, stack(0x000000aeb4700000,0x000000aeb4800000)]
  0x0000021a91c51000 JavaThread "Unconstrained build operations Thread 77" [_thread_blocked, id=6600, stack(0x000000aeb4800000,0x000000aeb4900000)]
  0x0000021a91c4f800 JavaThread "Unconstrained build operations Thread 78" [_thread_blocked, id=20668, stack(0x000000aeb4900000,0x000000aeb4a00000)]
  0x0000021a91c4e000 JavaThread "Unconstrained build operations Thread 79" [_thread_blocked, id=19104, stack(0x000000aeb4a00000,0x000000aeb4b00000)]
  0x0000021a914e0000 JavaThread "Unconstrained build operations Thread 80" [_thread_blocked, id=3144, stack(0x000000aeb4b00000,0x000000aeb4c00000)]

Other Threads:
  0x0000021afe754800 VMThread "VM Thread" [stack: 0x000000aeaca00000,0x000000aeacb00000] [id=9260]
  0x0000021aff265800 WatcherThread [stack: 0x000000aead400000,0x000000aead500000] [id=18528]
  0x0000021af2b96800 GCTaskThread "GC Thread#0" [stack: 0x000000aeac500000,0x000000aeac600000] [id=17012]
  0x0000021a8f38c000 GCTaskThread "GC Thread#1" [stack: 0x000000aead600000,0x000000aead700000] [id=20576]
  0x0000021a8f59f800 GCTaskThread "GC Thread#2" [stack: 0x000000aeae200000,0x000000aeae300000] [id=6452]
  0x0000021a90ea0800 GCTaskThread "GC Thread#3" [stack: 0x000000aeae300000,0x000000aeae400000] [id=15424]
  0x0000021a90e4e800 GCTaskThread "GC Thread#4" [stack: 0x000000aeae400000,0x000000aeae500000] [id=6356]
  0x0000021a912c0800 GCTaskThread "GC Thread#5" [stack: 0x000000aeae500000,0x000000aeae600000] [id=5480]
  0x0000021a8fc22000 GCTaskThread "GC Thread#6" [stack: 0x000000aeae600000,0x000000aeae700000] [id=2948]
  0x0000021a8ffce800 GCTaskThread "GC Thread#7" [stack: 0x000000aeae700000,0x000000aeae800000] [id=20628]
  0x0000021af2bc9800 ConcurrentGCThread "G1 Main Marker" [stack: 0x000000aeac600000,0x000000aeac700000] [id=17340]
  0x0000021af2bca800 ConcurrentGCThread "G1 Conc#0" [stack: 0x000000aeac700000,0x000000aeac800000] [id=8628]
  0x0000021aff4c7800 ConcurrentGCThread "G1 Conc#1" [stack: 0x000000aeae800000,0x000000aeae900000] [id=7944]
  0x0000021af2c4f000 ConcurrentGCThread "G1 Refine#0" [stack: 0x000000aeac800000,0x000000aeac900000] [id=20364]
  0x0000021af2c50800 ConcurrentGCThread "G1 Young RemSet Sampling" [stack: 0x000000aeac900000,0x000000aeaca00000] [id=18588]

Threads with active compile tasks:
C2 CompilerThread0  19369 6048   !   4       com.google.common.reflect.TypeVisitor::visit (244 bytes)

VM state:not at safepoint (normal execution)

VM Mutex/Monitor currently owned by a thread: None

Heap address: 0x0000000080000000, size: 2048 MB, Compressed Oops mode: 32-bit
Narrow klass base: 0x0000000000000000, Narrow klass shift: 3
Compressed class space size: 1073741824 Address: 0x0000000100000000

Heap:
 garbage-first heap   total 172032K, used 115875K [0x0000000080000000, 0x0000000100000000)
  region size 1024K, 19 young (19456K), 3 survivors (3072K)
 Metaspace       used 60959K, capacity 62650K, committed 62768K, reserved 1103872K
  class space    used 7687K, capacity 8288K, committed 8320K, reserved 1048576K
Heap Regions: E=young(eden), S=young(survivor), O=old, HS=humongous(starts), HC=humongous(continues), CS=collection set, F=free, A=archive, TAMS=top-at-mark-start (previous, next)
|   0|0x0000000080000000, 0x0000000080100000, 0x0000000080100000|100%| O|  |TAMS 0x0000000080100000, 0x0000000080000000| Untracked 
|   1|0x0000000080100000, 0x0000000080200000, 0x0000000080200000|100%| O|  |TAMS 0x0000000080200000, 0x0000000080100000| Untracked 
|   2|0x0000000080200000, 0x0000000080300000, 0x0000000080300000|100%| O|  |TAMS 0x0000000080300000, 0x0000000080200000| Untracked 
|   3|0x0000000080300000, 0x0000000080400000, 0x0000000080400000|100%|HS|  |TAMS 0x0000000080400000, 0x0000000080300000| Complete 
|   4|0x0000000080400000, 0x0000000080500000, 0x0000000080500000|100%|HC|  |TAMS 0x0000000080500000, 0x0000000080400000| Complete 
|   5|0x0000000080500000, 0x0000000080600000, 0x0000000080600000|100%|HC|  |TAMS 0x0000000080600000, 0x0000000080500000| Complete 
|   6|0x0000000080600000, 0x0000000080700000, 0x0000000080700000|100%| O|  |TAMS 0x0000000080700000, 0x0000000080600000| Untracked 
|   7|0x0000000080700000, 0x0000000080800000, 0x0000000080800000|100%| O|  |TAMS 0x0000000080800000, 0x0000000080700000| Untracked 
|   8|0x0000000080800000, 0x0000000080900000, 0x0000000080900000|100%| O|  |TAMS 0x0000000080900000, 0x0000000080800000| Untracked 
|   9|0x0000000080900000, 0x0000000080a00000, 0x0000000080a00000|100%| O|  |TAMS 0x0000000080a00000, 0x0000000080900000| Untracked 
|  10|0x0000000080a00000, 0x0000000080b00000, 0x0000000080b00000|100%| O|  |TAMS 0x0000000080b00000, 0x0000000080a00000| Untracked 
|  11|0x0000000080b00000, 0x0000000080c00000, 0x0000000080c00000|100%| O|  |TAMS 0x0000000080c00000, 0x0000000080b00000| Untracked 
|  12|0x0000000080c00000, 0x0000000080d00000, 0x0000000080d00000|100%| O|  |TAMS 0x0000000080d00000, 0x0000000080c00000| Untracked 
|  13|0x0000000080d00000, 0x0000000080e00000, 0x0000000080e00000|100%| O|  |TAMS 0x0000000080e00000, 0x0000000080d00000| Untracked 
|  14|0x0000000080e00000, 0x0000000080f00000, 0x0000000080f00000|100%| O|  |TAMS 0x0000000080f00000, 0x0000000080e00000| Untracked 
|  15|0x0000000080f00000, 0x0000000081000000, 0x0000000081000000|100%|HS|  |TAMS 0x0000000081000000, 0x0000000080f00000| Complete 
|  16|0x0000000081000000, 0x0000000081100000, 0x0000000081100000|100%|HC|  |TAMS 0x0000000081100000, 0x0000000081000000| Complete 
|  17|0x0000000081100000, 0x0000000081200000, 0x0000000081200000|100%|HS|  |TAMS 0x0000000081200000, 0x0000000081100000| Complete 
|  18|0x0000000081200000, 0x0000000081300000, 0x0000000081300000|100%|HC|  |TAMS 0x0000000081300000, 0x0000000081200000| Complete 
|  19|0x0000000081300000, 0x0000000081400000, 0x0000000081400000|100%|HC|  |TAMS 0x0000000081400000, 0x0000000081300000| Complete 
|  20|0x0000000081400000, 0x0000000081500000, 0x0000000081500000|100%|HS|  |TAMS 0x0000000081500000, 0x0000000081400000| Complete 
|  21|0x0000000081500000, 0x0000000081600000, 0x0000000081600000|100%|HC|  |TAMS 0x0000000081600000, 0x0000000081500000| Complete 
|  22|0x0000000081600000, 0x0000000081700000, 0x0000000081700000|100%|HC|  |TAMS 0x0000000081700000, 0x0000000081600000| Complete 
|  23|0x0000000081700000, 0x0000000081800000, 0x0000000081800000|100%|HS|  |TAMS 0x0000000081800000, 0x0000000081700000| Complete 
|  24|0x0000000081800000, 0x0000000081900000, 0x0000000081900000|100%|HC|  |TAMS 0x0000000081900000, 0x0000000081800000| Complete 
|  25|0x0000000081900000, 0x0000000081a00000, 0x0000000081a00000|100%|HC|  |TAMS 0x0000000081a00000, 0x0000000081900000| Complete 
|  26|0x0000000081a00000, 0x0000000081b00000, 0x0000000081b00000|100%|HC|  |TAMS 0x0000000081b00000, 0x0000000081a00000| Complete 
|  27|0x0000000081b00000, 0x0000000081c00000, 0x0000000081c00000|100%|HS|  |TAMS 0x0000000081c00000, 0x0000000081b00000| Complete 
|  28|0x0000000081c00000, 0x0000000081d00000, 0x0000000081d00000|100%|HC|  |TAMS 0x0000000081d00000, 0x0000000081c00000| Complete 
|  29|0x0000000081d00000, 0x0000000081e00000, 0x0000000081e00000|100%|HC|  |TAMS 0x0000000081e00000, 0x0000000081d00000| Complete 
|  30|0x0000000081e00000, 0x0000000081f00000, 0x0000000081f00000|100%|HC|  |TAMS 0x0000000081f00000, 0x0000000081e00000| Complete 
|  31|0x0000000081f00000, 0x0000000082000000, 0x0000000082000000|100%|HC|  |TAMS 0x0000000082000000, 0x0000000081f00000| Complete 
|  32|0x0000000082000000, 0x0000000082100000, 0x0000000082100000|100%| O|  |TAMS 0x0000000082100000, 0x0000000082000000| Untracked 
|  33|0x0000000082100000, 0x0000000082200000, 0x0000000082200000|100%| O|  |TAMS 0x0000000082200000, 0x0000000082100000| Untracked 
|  34|0x0000000082200000, 0x0000000082300000, 0x0000000082300000|100%| O|  |TAMS 0x0000000082300000, 0x0000000082200000| Untracked 
|  35|0x0000000082300000, 0x0000000082400000, 0x0000000082400000|100%| O|  |TAMS 0x0000000082400000, 0x0000000082300000| Untracked 
|  36|0x0000000082400000, 0x0000000082500000, 0x0000000082500000|100%| O|  |TAMS 0x0000000082500000, 0x0000000082400000| Untracked 
|  37|0x0000000082500000, 0x0000000082600000, 0x0000000082600000|100%| O|  |TAMS 0x0000000082600000, 0x0000000082500000| Untracked 
|  38|0x0000000082600000, 0x0000000082700000, 0x0000000082700000|100%| O|  |TAMS 0x0000000082700000, 0x0000000082600000| Untracked 
|  39|0x0000000082700000, 0x0000000082800000, 0x0000000082800000|100%| O|  |TAMS 0x0000000082800000, 0x0000000082700000| Untracked 
|  40|0x0000000082800000, 0x0000000082900000, 0x0000000082900000|100%| O|  |TAMS 0x0000000082900000, 0x0000000082800000| Untracked 
|  41|0x0000000082900000, 0x0000000082a00000, 0x0000000082a00000|100%| O|  |TAMS 0x0000000082a00000, 0x0000000082900000| Untracked 
|  42|0x0000000082a00000, 0x0000000082b00000, 0x0000000082b00000|100%| O|  |TAMS 0x0000000082b00000, 0x0000000082a00000| Untracked 
|  43|0x0000000082b00000, 0x0000000082c00000, 0x0000000082c00000|100%| O|  |TAMS 0x0000000082c00000, 0x0000000082b00000| Untracked 
|  44|0x0000000082c00000, 0x0000000082d00000, 0x0000000082d00000|100%| O|  |TAMS 0x0000000082d00000, 0x0000000082c00000| Untracked 
|  45|0x0000000082d00000, 0x0000000082e00000, 0x0000000082e00000|100%| O|  |TAMS 0x0000000082e00000, 0x0000000082d00000| Untracked 
|  46|0x0000000082e00000, 0x0000000082f00000, 0x0000000082f00000|100%| O|  |TAMS 0x0000000082f00000, 0x0000000082e00000| Untracked 
|  47|0x0000000082f00000, 0x0000000083000000, 0x0000000083000000|100%| O|  |TAMS 0x0000000083000000, 0x0000000082f00000| Untracked 
|  48|0x0000000083000000, 0x0000000083100000, 0x0000000083100000|100%| O|  |TAMS 0x0000000083100000, 0x0000000083000000| Untracked 
|  49|0x0000000083100000, 0x0000000083200000, 0x0000000083200000|100%| O|  |TAMS 0x0000000083200000, 0x0000000083100000| Untracked 
|  50|0x0000000083200000, 0x0000000083300000, 0x0000000083300000|100%| O|  |TAMS 0x0000000083300000, 0x0000000083200000| Untracked 
|  51|0x0000000083300000, 0x0000000083400000, 0x0000000083400000|100%|HS|  |TAMS 0x0000000083400000, 0x0000000083300000| Complete 
|  52|0x0000000083400000, 0x0000000083500000, 0x0000000083500000|100%|HC|  |TAMS 0x0000000083500000, 0x0000000083400000| Complete 
|  53|0x0000000083500000, 0x0000000083600000, 0x0000000083600000|100%|HC|  |TAMS 0x0000000083600000, 0x0000000083500000| Complete 
|  54|0x0000000083600000, 0x0000000083700000, 0x0000000083700000|100%|HS|  |TAMS 0x0000000083700000, 0x0000000083600000| Complete 
|  55|0x0000000083700000, 0x0000000083800000, 0x0000000083800000|100%|HC|  |TAMS 0x0000000083800000, 0x0000000083700000| Complete 
|  56|0x0000000083800000, 0x0000000083900000, 0x0000000083900000|100%|HC|  |TAMS 0x0000000083900000, 0x0000000083800000| Complete 
|  57|0x0000000083900000, 0x0000000083a00000, 0x0000000083a00000|100%|HS|  |TAMS 0x0000000083a00000, 0x0000000083900000| Complete 
|  58|0x0000000083a00000, 0x0000000083b00000, 0x0000000083b00000|100%|HC|  |TAMS 0x0000000083b00000, 0x0000000083a00000| Complete 
|  59|0x0000000083b00000, 0x0000000083c00000, 0x0000000083c00000|100%|HC|  |TAMS 0x0000000083c00000, 0x0000000083b00000| Complete 
|  60|0x0000000083c00000, 0x0000000083d00000, 0x0000000083d00000|100%|HC|  |TAMS 0x0000000083d00000, 0x0000000083c00000| Complete 
|  61|0x0000000083d00000, 0x0000000083e00000, 0x0000000083e00000|100%|HS|  |TAMS 0x0000000083e00000, 0x0000000083d00000| Complete 
|  62|0x0000000083e00000, 0x0000000083f00000, 0x0000000083f00000|100%|HC|  |TAMS 0x0000000083f00000, 0x0000000083e00000| Complete 
|  63|0x0000000083f00000, 0x0000000084000000, 0x0000000084000000|100%| O|  |TAMS 0x0000000084000000, 0x0000000083f00000| Untracked 
|  64|0x0000000084000000, 0x0000000084100000, 0x0000000084100000|100%| O|  |TAMS 0x0000000084100000, 0x0000000084000000| Untracked 
|  65|0x0000000084100000, 0x0000000084200000, 0x0000000084200000|100%| O|  |TAMS 0x0000000084200000, 0x0000000084100000| Untracked 
|  66|0x0000000084200000, 0x0000000084300000, 0x0000000084300000|100%| O|  |TAMS 0x0000000084300000, 0x0000000084200000| Untracked 
|  67|0x0000000084300000, 0x0000000084400000, 0x0000000084400000|100%| O|  |TAMS 0x0000000084400000, 0x0000000084300000| Untracked 
|  68|0x0000000084400000, 0x0000000084500000, 0x0000000084500000|100%|HS|  |TAMS 0x0000000084500000, 0x0000000084400000| Complete 
|  69|0x0000000084500000, 0x0000000084600000, 0x0000000084600000|100%|HC|  |TAMS 0x0000000084600000, 0x0000000084500000| Complete 
|  70|0x0000000084600000, 0x0000000084700000, 0x0000000084700000|100%|HC|  |TAMS 0x0000000084700000, 0x0000000084600000| Complete 
|  71|0x0000000084700000, 0x0000000084800000, 0x0000000084800000|100%|HC|  |TAMS 0x0000000084800000, 0x0000000084700000| Complete 
|  72|0x0000000084800000, 0x0000000084900000, 0x0000000084900000|100%|HC|  |TAMS 0x0000000084900000, 0x0000000084800000| Complete 
|  73|0x0000000084900000, 0x0000000084a00000, 0x0000000084a00000|100%| O|  |TAMS 0x0000000084a00000, 0x0000000084900000| Untracked 
|  74|0x0000000084a00000, 0x0000000084b00000, 0x0000000084b00000|100%| O|  |TAMS 0x0000000084b00000, 0x0000000084a00000| Untracked 
|  75|0x0000000084b00000, 0x0000000084c00000, 0x0000000084c00000|100%| O|  |TAMS 0x0000000084c00000, 0x0000000084b00000| Untracked 
|  76|0x0000000084c00000, 0x0000000084d00000, 0x0000000084d00000|100%|HS|  |TAMS 0x0000000084d00000, 0x0000000084c00000| Complete 
|  77|0x0000000084d00000, 0x0000000084e00000, 0x0000000084e00000|100%|HS|  |TAMS 0x0000000084e00000, 0x0000000084d00000| Complete 
|  78|0x0000000084e00000, 0x0000000084f00000, 0x0000000084f00000|100%|HS|  |TAMS 0x0000000084f00000, 0x0000000084e00000| Complete 
|  79|0x0000000084f00000, 0x0000000085000000, 0x0000000085000000|100%| O|  |TAMS 0x0000000085000000, 0x0000000084f00000| Untracked 
|  80|0x0000000085000000, 0x0000000085100000, 0x0000000085100000|100%| O|  |TAMS 0x0000000085100000, 0x0000000085000000| Untracked 
|  81|0x0000000085100000, 0x0000000085200000, 0x0000000085200000|100%|HS|  |TAMS 0x0000000085200000, 0x0000000085100000| Complete 
|  82|0x0000000085200000, 0x0000000085300000, 0x0000000085300000|100%|HC|  |TAMS 0x0000000085300000, 0x0000000085200000| Complete 
|  83|0x0000000085300000, 0x0000000085400000, 0x0000000085400000|100%|HC|  |TAMS 0x0000000085400000, 0x0000000085300000| Complete 
|  84|0x0000000085400000, 0x0000000085500000, 0x0000000085500000|100%|HC|  |TAMS 0x0000000085500000, 0x0000000085400000| Complete 
|  85|0x0000000085500000, 0x0000000085600000, 0x0000000085600000|100%| O|  |TAMS 0x0000000085600000, 0x0000000085500000| Untracked 
|  86|0x0000000085600000, 0x0000000085700000, 0x0000000085700000|100%| O|  |TAMS 0x0000000085700000, 0x0000000085600000| Untracked 
|  87|0x0000000085700000, 0x0000000085800000, 0x0000000085800000|100%| O|  |TAMS 0x0000000085800000, 0x0000000085700000| Untracked 
|  88|0x0000000085800000, 0x0000000085900000, 0x0000000085900000|100%| O|  |TAMS 0x0000000085900000, 0x0000000085800000| Untracked 
|  89|0x0000000085900000, 0x0000000085a00000, 0x0000000085a00000|100%|HS|  |TAMS 0x0000000085a00000, 0x0000000085900000| Complete 
|  90|0x0000000085a00000, 0x0000000085b00000, 0x0000000085b00000|100%|HC|  |TAMS 0x0000000085b00000, 0x0000000085a00000| Complete 
|  91|0x0000000085b00000, 0x0000000085c00000, 0x0000000085c00000|100%| O|  |TAMS 0x0000000085c00000, 0x0000000085b00000| Untracked 
|  92|0x0000000085c00000, 0x0000000085d00000, 0x0000000085d00000|100%| O|  |TAMS 0x0000000085d00000, 0x0000000085c00000| Untracked 
|  93|0x0000000085d00000, 0x0000000085e00000, 0x0000000085e00000|100%| O|  |TAMS 0x0000000085e00000, 0x0000000085d00000| Untracked 
|  94|0x0000000085e00000, 0x0000000085f00000, 0x0000000085f00000|100%| O|  |TAMS 0x0000000085f00000, 0x0000000085e00000| Untracked 
|  95|0x0000000085f00000, 0x0000000085f51e00, 0x0000000086000000| 31%| O|  |TAMS 0x0000000085f51e00, 0x0000000085f00000| Untracked 
|  96|0x0000000086000000, 0x0000000086000000, 0x0000000086100000|  0%| F|  |TAMS 0x0000000086000000, 0x0000000086000000| Untracked 
|  97|0x0000000086100000, 0x0000000086100000, 0x0000000086200000|  0%| F|  |TAMS 0x0000000086100000, 0x0000000086100000| Untracked 
|  98|0x0000000086200000, 0x0000000086200000, 0x0000000086300000|  0%| F|  |TAMS 0x0000000086200000, 0x0000000086200000| Untracked 
|  99|0x0000000086300000, 0x0000000086300000, 0x0000000086400000|  0%| F|  |TAMS 0x0000000086300000, 0x0000000086300000| Untracked 
| 100|0x0000000086400000, 0x0000000086400000, 0x0000000086500000|  0%| F|  |TAMS 0x0000000086400000, 0x0000000086400000| Untracked 
| 101|0x0000000086500000, 0x0000000086500000, 0x0000000086600000|  0%| F|  |TAMS 0x0000000086500000, 0x0000000086500000| Untracked 
| 102|0x0000000086600000, 0x0000000086600000, 0x0000000086700000|  0%| F|  |TAMS 0x0000000086600000, 0x0000000086600000| Untracked 
| 103|0x0000000086700000, 0x0000000086700000, 0x0000000086800000|  0%| F|  |TAMS 0x0000000086700000, 0x0000000086700000| Untracked 
| 104|0x0000000086800000, 0x0000000086800000, 0x0000000086900000|  0%| F|  |TAMS 0x0000000086800000, 0x0000000086800000| Untracked 
| 105|0x0000000086900000, 0x0000000086900000, 0x0000000086a00000|  0%| F|  |TAMS 0x0000000086900000, 0x0000000086900000| Untracked 
| 106|0x0000000086a00000, 0x0000000086a00000, 0x0000000086b00000|  0%| F|  |TAMS 0x0000000086a00000, 0x0000000086a00000| Untracked 
| 107|0x0000000086b00000, 0x0000000086b00000, 0x0000000086c00000|  0%| F|  |TAMS 0x0000000086b00000, 0x0000000086b00000| Untracked 
| 108|0x0000000086c00000, 0x0000000086c00000, 0x0000000086d00000|  0%| F|  |TAMS 0x0000000086c00000, 0x0000000086c00000| Untracked 
| 109|0x0000000086d00000, 0x0000000086d00000, 0x0000000086e00000|  0%| F|  |TAMS 0x0000000086d00000, 0x0000000086d00000| Untracked 
| 110|0x0000000086e00000, 0x0000000086e00000, 0x0000000086f00000|  0%| F|  |TAMS 0x0000000086e00000, 0x0000000086e00000| Untracked 
| 111|0x0000000086f00000, 0x0000000086f00000, 0x0000000087000000|  0%| F|  |TAMS 0x0000000086f00000, 0x0000000086f00000| Untracked 
| 112|0x0000000087000000, 0x0000000087000000, 0x0000000087100000|  0%| F|  |TAMS 0x0000000087000000, 0x0000000087000000| Untracked 
| 113|0x0000000087100000, 0x0000000087100000, 0x0000000087200000|  0%| F|  |TAMS 0x0000000087100000, 0x0000000087100000| Untracked 
| 114|0x0000000087200000, 0x0000000087200000, 0x0000000087300000|  0%| F|  |TAMS 0x0000000087200000, 0x0000000087200000| Untracked 
| 115|0x0000000087300000, 0x0000000087300000, 0x0000000087400000|  0%| F|  |TAMS 0x0000000087300000, 0x0000000087300000| Untracked 
| 116|0x0000000087400000, 0x0000000087400000, 0x0000000087500000|  0%| F|  |TAMS 0x0000000087400000, 0x0000000087400000| Untracked 
| 117|0x0000000087500000, 0x0000000087500000, 0x0000000087600000|  0%| F|  |TAMS 0x0000000087500000, 0x0000000087500000| Untracked 
| 118|0x0000000087600000, 0x0000000087600000, 0x0000000087700000|  0%| F|  |TAMS 0x0000000087600000, 0x0000000087600000| Untracked 
| 119|0x0000000087700000, 0x0000000087700000, 0x0000000087800000|  0%| F|  |TAMS 0x0000000087700000, 0x0000000087700000| Untracked 
| 120|0x0000000087800000, 0x0000000087800000, 0x0000000087900000|  0%| F|  |TAMS 0x0000000087800000, 0x0000000087800000| Untracked 
| 121|0x0000000087900000, 0x0000000087900000, 0x0000000087a00000|  0%| F|  |TAMS 0x0000000087900000, 0x0000000087900000| Untracked 
| 122|0x0000000087a00000, 0x0000000087a00000, 0x0000000087b00000|  0%| F|  |TAMS 0x0000000087a00000, 0x0000000087a00000| Untracked 
| 123|0x0000000087b00000, 0x0000000087b00000, 0x0000000087c00000|  0%| F|  |TAMS 0x0000000087b00000, 0x0000000087b00000| Untracked 
| 124|0x0000000087c00000, 0x0000000087c00000, 0x0000000087d00000|  0%| F|  |TAMS 0x0000000087c00000, 0x0000000087c00000| Untracked 
| 125|0x0000000087d00000, 0x0000000087d00000, 0x0000000087e00000|  0%| F|  |TAMS 0x0000000087d00000, 0x0000000087d00000| Untracked 
| 126|0x0000000087e00000, 0x0000000087e00000, 0x0000000087f00000|  0%| F|  |TAMS 0x0000000087e00000, 0x0000000087e00000| Untracked 
| 127|0x0000000087f00000, 0x0000000087f00000, 0x0000000088000000|  0%| F|  |TAMS 0x0000000087f00000, 0x0000000087f00000| Untracked 
| 128|0x0000000088000000, 0x0000000088000000, 0x0000000088100000|  0%| F|  |TAMS 0x0000000088000000, 0x0000000088000000| Untracked 
| 129|0x0000000088100000, 0x0000000088100000, 0x0000000088200000|  0%| F|  |TAMS 0x0000000088100000, 0x0000000088100000| Untracked 
| 130|0x0000000088200000, 0x0000000088200000, 0x0000000088300000|  0%| F|  |TAMS 0x0000000088200000, 0x0000000088200000| Untracked 
| 131|0x0000000088300000, 0x0000000088300000, 0x0000000088400000|  0%| F|  |TAMS 0x0000000088300000, 0x0000000088300000| Untracked 
| 132|0x0000000088400000, 0x0000000088400000, 0x0000000088500000|  0%| F|  |TAMS 0x0000000088400000, 0x0000000088400000| Untracked 
| 133|0x0000000088500000, 0x0000000088500000, 0x0000000088600000|  0%| F|  |TAMS 0x0000000088500000, 0x0000000088500000| Untracked 
| 134|0x0000000088600000, 0x0000000088600000, 0x0000000088700000|  0%| F|  |TAMS 0x0000000088600000, 0x0000000088600000| Untracked 
| 135|0x0000000088700000, 0x00000000887d6e68, 0x0000000088800000| 83%| S|CS|TAMS 0x0000000088700000, 0x0000000088700000| Complete 
| 136|0x0000000088800000, 0x0000000088900000, 0x0000000088900000|100%| S|CS|TAMS 0x0000000088800000, 0x0000000088800000| Complete 
| 137|0x0000000088900000, 0x0000000088a00000, 0x0000000088a00000|100%| S|CS|TAMS 0x0000000088900000, 0x0000000088900000| Complete 
| 138|0x0000000088a00000, 0x0000000088a00000, 0x0000000088b00000|  0%| F|  |TAMS 0x0000000088a00000, 0x0000000088a00000| Untracked 
| 139|0x0000000088b00000, 0x0000000088b00000, 0x0000000088c00000|  0%| F|  |TAMS 0x0000000088b00000, 0x0000000088b00000| Untracked 
| 140|0x0000000088c00000, 0x0000000088c00000, 0x0000000088d00000|  0%| F|  |TAMS 0x0000000088c00000, 0x0000000088c00000| Untracked 
| 141|0x0000000088d00000, 0x0000000088d00000, 0x0000000088e00000|  0%| F|  |TAMS 0x0000000088d00000, 0x0000000088d00000| Untracked 
| 142|0x0000000088e00000, 0x0000000088e00000, 0x0000000088f00000|  0%| F|  |TAMS 0x0000000088e00000, 0x0000000088e00000| Untracked 
| 143|0x0000000088f00000, 0x0000000088f00000, 0x0000000089000000|  0%| F|  |TAMS 0x0000000088f00000, 0x0000000088f00000| Untracked 
| 144|0x0000000089000000, 0x0000000089000000, 0x0000000089100000|  0%| F|  |TAMS 0x0000000089000000, 0x0000000089000000| Untracked 
| 145|0x0000000089100000, 0x0000000089100000, 0x0000000089200000|  0%| F|  |TAMS 0x0000000089100000, 0x0000000089100000| Untracked 
| 146|0x0000000089200000, 0x0000000089200000, 0x0000000089300000|  0%| F|  |TAMS 0x0000000089200000, 0x0000000089200000| Untracked 
| 147|0x0000000089300000, 0x0000000089300000, 0x0000000089400000|  0%| F|  |TAMS 0x0000000089300000, 0x0000000089300000| Untracked 
| 148|0x0000000089400000, 0x0000000089400000, 0x0000000089500000|  0%| F|  |TAMS 0x0000000089400000, 0x0000000089400000| Untracked 
| 149|0x0000000089500000, 0x0000000089500000, 0x0000000089600000|  0%| F|  |TAMS 0x0000000089500000, 0x0000000089500000| Untracked 
| 150|0x0000000089600000, 0x0000000089600000, 0x0000000089700000|  0%| F|  |TAMS 0x0000000089600000, 0x0000000089600000| Untracked 
| 151|0x0000000089700000, 0x0000000089700000, 0x0000000089800000|  0%| F|  |TAMS 0x0000000089700000, 0x0000000089700000| Untracked 
| 152|0x0000000089800000, 0x0000000089900000, 0x0000000089900000|100%| E|  |TAMS 0x0000000089800000, 0x0000000089800000| Complete 
| 153|0x0000000089900000, 0x0000000089a00000, 0x0000000089a00000|100%| E|CS|TAMS 0x0000000089900000, 0x0000000089900000| Complete 
| 154|0x0000000089a00000, 0x0000000089b00000, 0x0000000089b00000|100%| E|CS|TAMS 0x0000000089a00000, 0x0000000089a00000| Complete 
| 155|0x0000000089b00000, 0x0000000089c00000, 0x0000000089c00000|100%| E|CS|TAMS 0x0000000089b00000, 0x0000000089b00000| Complete 
| 156|0x0000000089c00000, 0x0000000089d00000, 0x0000000089d00000|100%| E|CS|TAMS 0x0000000089c00000, 0x0000000089c00000| Complete 
| 157|0x0000000089d00000, 0x0000000089e00000, 0x0000000089e00000|100%| E|CS|TAMS 0x0000000089d00000, 0x0000000089d00000| Complete 
| 158|0x0000000089e00000, 0x0000000089f00000, 0x0000000089f00000|100%| E|CS|TAMS 0x0000000089e00000, 0x0000000089e00000| Complete 
| 159|0x0000000089f00000, 0x000000008a000000, 0x000000008a000000|100%| E|CS|TAMS 0x0000000089f00000, 0x0000000089f00000| Complete 
| 160|0x000000008a000000, 0x000000008a100000, 0x000000008a100000|100%| E|CS|TAMS 0x000000008a000000, 0x000000008a000000| Complete 
| 161|0x000000008a100000, 0x000000008a200000, 0x000000008a200000|100%| E|CS|TAMS 0x000000008a100000, 0x000000008a100000| Complete 
| 162|0x000000008a200000, 0x000000008a300000, 0x000000008a300000|100%| E|CS|TAMS 0x000000008a200000, 0x000000008a200000| Complete 
| 163|0x000000008a300000, 0x000000008a400000, 0x000000008a400000|100%| E|CS|TAMS 0x000000008a300000, 0x000000008a300000| Complete 
| 164|0x000000008a400000, 0x000000008a500000, 0x000000008a500000|100%| E|CS|TAMS 0x000000008a400000, 0x000000008a400000| Complete 
| 165|0x000000008a500000, 0x000000008a600000, 0x000000008a600000|100%| E|CS|TAMS 0x000000008a500000, 0x000000008a500000| Complete 
| 166|0x000000008a600000, 0x000000008a700000, 0x000000008a700000|100%| E|CS|TAMS 0x000000008a600000, 0x000000008a600000| Complete 
| 167|0x000000008a700000, 0x000000008a800000, 0x000000008a800000|100%| E|CS|TAMS 0x000000008a700000, 0x000000008a700000| Complete 

Card table byte_map: [0x0000021af7500000,0x0000021af7900000] _byte_map_base: 0x0000021af7100000

Marking Bits (Prev, Next): (CMBitMap*) 0x0000021af2bc0980, (CMBitMap*) 0x0000021af2bc0948
 Prev Bits: [0x0000021af9d00000, 0x0000021afbd00000)
 Next Bits: [0x0000021af7d00000, 0x0000021af9d00000)

Polling page: 0x0000021af12e0000

Metaspace:

Usage:
  Non-class:     53.15 MB capacity,    52.04 MB ( 98%) used,   972.15 KB (  2%) free+waste,   161.06 KB ( <1%) overhead. 
      Class:      8.09 MB capacity,     7.51 MB ( 93%) used,   518.92 KB (  6%) free+waste,    76.56 KB ( <1%) overhead. 
       Both:     61.24 MB capacity,    59.56 MB ( 97%) used,     1.46 MB (  2%) free+waste,   237.63 KB ( <1%) overhead. 

Virtual space:
  Non-class space:       54.00 MB reserved,      53.17 MB ( 98%) committed 
      Class space:        1.00 GB reserved,       8.13 MB ( <1%) committed 
             Both:        1.05 GB reserved,      61.30 MB (  6%) committed 

Chunk freelists:
   Non-Class:  22.00 KB
       Class:  0 bytes
        Both:  22.00 KB

MaxMetaspaceSize: 17179869184.00 GB
CompressedClassSpaceSize: 1.00 GB
Initial GC threshold: 20.80 MB
Current GC threshold: 100.29 MB
CDS: off

CodeHeap 'non-profiled nmethods': size=120000Kb used=3257Kb max_used=3257Kb free=116742Kb
 bounds [0x0000021a87ad0000, 0x0000021a87e00000, 0x0000021a8f000000]
CodeHeap 'profiled nmethods': size=120000Kb used=12820Kb max_used=12820Kb free=107179Kb
 bounds [0x0000021a805a0000, 0x0000021a81230000, 0x0000021a87ad0000]
CodeHeap 'non-nmethods': size=5760Kb used=2318Kb max_used=2360Kb free=3441Kb
 bounds [0x0000021a80000000, 0x0000021a80270000, 0x0000021a805a0000]
 total_blobs=6960 nmethods=6133 adapters=739
 compilation: enabled
              stopped_count=0, restarted_count=0
 full_count=0

Compilation events (20 events):
Event: 19.120 Thread 0x0000021afe788800 6195       3       org.gradle.internal.concurrent.CompositeStoppable::add (35 bytes)
Event: 19.121 Thread 0x0000021afe788800 nmethod 6195 0x0000021a811fd010 code [0x0000021a811fd200, 0x0000021a811fd6d8]
Event: 19.121 Thread 0x0000021afe788800 6196       3       org.gradle.internal.instantiation.generator.AsmBackedClassGenerator::getFactoryForNext (30 bytes)
Event: 19.121 Thread 0x0000021afe788800 nmethod 6196 0x0000021a811fd910 code [0x0000021a811fdb00, 0x0000021a811fdfa8]
Event: 19.121 Thread 0x0000021afe788800 6197       3       org.gradle.internal.instantiation.generator.ManagedObjectFactory::<init> (20 bytes)
Event: 19.122 Thread 0x0000021afe788800 nmethod 6197 0x0000021a811fe110 code [0x0000021a811fe2c0, 0x0000021a811fe538]
Event: 19.122 Thread 0x0000021afe788800 6199       3       com.google.common.reflect.TypeResolver::<init> (16 bytes)
Event: 19.122 Thread 0x0000021afe788800 nmethod 6199 0x0000021a811fe610 code [0x0000021a811fe7e0, 0x0000021a811feb78]
Event: 19.122 Thread 0x0000021afe788800 6200       3       com.google.common.reflect.TypeResolver$TypeTable::where (115 bytes)
Event: 19.124 Thread 0x0000021afe788800 nmethod 6200 0x0000021a811fec90 code [0x0000021a811ff020, 0x0000021a81200b18]
Event: 19.124 Thread 0x0000021afe788800 6202       3       org.gradle.api.internal.provider.ValueSupplier$Value::ofNullable (23 bytes)
Event: 19.125 Thread 0x0000021afe788800 nmethod 6202 0x0000021a81201390 code [0x0000021a81201560, 0x0000021a81201918]
Event: 19.125 Thread 0x0000021afe788800 6203       3       org.gradle.api.internal.provider.DefaultValueSourceProviderFactory$ValueSourceProvider::calculateOwnValue (14 bytes)
Event: 19.126 Thread 0x0000021afe788800 nmethod 6203 0x0000021a81201a90 code [0x0000021a81201d20, 0x0000021a81202918]
Event: 19.126 Thread 0x0000021afe788800 6204       3       org.gradle.api.internal.provider.DefaultValueSourceProviderFactory$LazilyObtainedValue::obtain (23 bytes)
Event: 19.127 Thread 0x0000021afe788800 nmethod 6204 0x0000021a81202d10 code [0x0000021a81202f40, 0x0000021a812036c8]
Event: 19.127 Thread 0x0000021afe788800 6201       3       org.gradle.internal.snapshot.impl.IsolatedManagedValue::isolate (26 bytes)
Event: 19.127 Thread 0x0000021afe788800 nmethod 6201 0x0000021a81203990 code [0x0000021a81203b60, 0x0000021a81203ef8]
Event: 19.127 Thread 0x0000021afe788800 6198       3       com.google.common.reflect.TypeResolver::covariantly (15 bytes)
Event: 19.129 Thread 0x0000021afe788800 nmethod 6198 0x0000021a81204010 code [0x0000021a81204320, 0x0000021a812055d8]

GC Heap History (20 events):
Event: 11.513 GC heap before
{Heap before GC invocations=20 (full 0):
 garbage-first heap   total 118784K, used 89192K [0x0000000080000000, 0x0000000100000000)
  region size 1024K, 22 young (22528K), 2 survivors (2048K)
 Metaspace       used 45900K, capacity 47064K, committed 47152K, reserved 1089536K
  class space    used 5741K, capacity 6199K, committed 6272K, reserved 1048576K
}
Event: 11.519 GC heap after
{Heap after GC invocations=21 (full 0):
 garbage-first heap   total 118784K, used 68970K [0x0000000080000000, 0x0000000100000000)
  region size 1024K, 2 young (2048K), 2 survivors (2048K)
 Metaspace       used 45900K, capacity 47064K, committed 47152K, reserved 1089536K
  class space    used 5741K, capacity 6199K, committed 6272K, reserved 1048576K
}
Event: 11.941 GC heap before
{Heap before GC invocations=21 (full 0):
 garbage-first heap   total 118784K, used 90474K [0x0000000080000000, 0x0000000100000000)
  region size 1024K, 23 young (23552K), 2 survivors (2048K)
 Metaspace       used 46996K, capacity 48285K, committed 48304K, reserved 1091584K
  class space    used 5923K, capacity 6392K, committed 6400K, reserved 1048576K
}
Event: 11.964 GC heap after
{Heap after GC invocations=22 (full 0):
 garbage-first heap   total 118784K, used 70400K [0x0000000080000000, 0x0000000100000000)
  region size 1024K, 2 young (2048K), 2 survivors (2048K)
 Metaspace       used 46996K, capacity 48285K, committed 48304K, reserved 1091584K
  class space    used 5923K, capacity 6392K, committed 6400K, reserved 1048576K
}
Event: 12.245 GC heap before
{Heap before GC invocations=23 (full 0):
 garbage-first heap   total 118784K, used 74496K [0x0000000080000000, 0x0000000100000000)
  region size 1024K, 7 young (7168K), 2 survivors (2048K)
 Metaspace       used 47355K, capacity 48721K, committed 48944K, reserved 1091584K
  class space    used 5988K, capacity 6495K, committed 6528K, reserved 1048576K
}
Event: 12.255 GC heap after
{Heap after GC invocations=24 (full 0):
 garbage-first heap   total 143360K, used 70677K [0x0000000080000000, 0x0000000100000000)
  region size 1024K, 2 young (2048K), 2 survivors (2048K)
 Metaspace       used 47355K, capacity 48721K, committed 48944K, reserved 1091584K
  class space    used 5988K, capacity 6495K, committed 6528K, reserved 1048576K
}
Event: 13.801 GC heap before
{Heap before GC invocations=25 (full 0):
 garbage-first heap   total 143360K, used 106517K [0x0000000080000000, 0x0000000100000000)
  region size 1024K, 32 young (32768K), 2 survivors (2048K)
 Metaspace       used 49439K, capacity 50996K, committed 51120K, reserved 1093632K
  class space    used 6336K, capacity 6891K, committed 6912K, reserved 1048576K
}
Event: 13.808 GC heap after
{Heap after GC invocations=26 (full 0):
 garbage-first heap   total 143360K, used 78017K [0x0000000080000000, 0x0000000100000000)
  region size 1024K, 4 young (4096K), 4 survivors (4096K)
 Metaspace       used 49439K, capacity 50996K, committed 51120K, reserved 1093632K
  class space    used 6336K, capacity 6891K, committed 6912K, reserved 1048576K
}
Event: 15.677 GC heap before
{Heap before GC invocations=26 (full 0):
 garbage-first heap   total 143360K, used 107713K [0x0000000080000000, 0x0000000100000000)
  region size 1024K, 33 young (33792K), 4 survivors (4096K)
 Metaspace       used 51035K, capacity 52568K, committed 52912K, reserved 1095680K
  class space    used 6513K, capacity 7068K, committed 7168K, reserved 1048576K
}
Event: 15.690 GC heap after
{Heap after GC invocations=27 (full 0):
 garbage-first heap   total 143360K, used 79800K [0x0000000080000000, 0x0000000100000000)
  region size 1024K, 5 young (5120K), 5 survivors (5120K)
 Metaspace       used 51035K, capacity 52568K, committed 52912K, reserved 1095680K
  class space    used 6513K, capacity 7068K, committed 7168K, reserved 1048576K
}
Event: 16.140 GC heap before
{Heap before GC invocations=28 (full 0):
 garbage-first heap   total 143360K, used 97208K [0x0000000080000000, 0x0000000100000000)
  region size 1024K, 24 young (24576K), 5 survivors (5120K)
 Metaspace       used 51315K, capacity 52899K, committed 53168K, reserved 1095680K
  class space    used 6524K, capacity 7108K, committed 7168K, reserved 1048576K
}
Event: 16.150 GC heap after
{Heap after GC invocations=29 (full 0):
 garbage-first heap   total 143360K, used 82077K [0x0000000080000000, 0x0000000100000000)
  region size 1024K, 5 young (5120K), 5 survivors (5120K)
 Metaspace       used 51315K, capacity 52899K, committed 53168K, reserved 1095680K
  class space    used 6524K, capacity 7108K, committed 7168K, reserved 1048576K
}
Event: 16.358 GC heap before
{Heap before GC invocations=30 (full 0):
 garbage-first heap   total 143360K, used 89245K [0x0000000080000000, 0x0000000100000000)
  region size 1024K, 10 young (10240K), 5 survivors (5120K)
 Metaspace       used 51350K, capacity 52988K, committed 53168K, reserved 1095680K
  class space    used 6530K, capacity 7115K, committed 7168K, reserved 1048576K
}
Event: 16.371 GC heap after
{Heap after GC invocations=31 (full 0):
 garbage-first heap   total 172032K, used 88010K [0x0000000080000000, 0x0000000100000000)
  region size 1024K, 5 young (5120K), 5 survivors (5120K)
 Metaspace       used 51350K, capacity 52988K, committed 53168K, reserved 1095680K
  class space    used 6530K, capacity 7115K, committed 7168K, reserved 1048576K
}
Event: 16.578 GC heap before
{Heap before GC invocations=32 (full 0):
 garbage-first heap   total 172032K, used 99274K [0x0000000080000000, 0x0000000100000000)
  region size 1024K, 13 young (13312K), 5 survivors (5120K)
 Metaspace       used 51350K, capacity 52988K, committed 53168K, reserved 1095680K
  class space    used 6530K, capacity 7115K, committed 7168K, reserved 1048576K
}
Event: 16.594 GC heap after
{Heap after GC invocations=33 (full 0):
 garbage-first heap   total 172032K, used 95407K [0x0000000080000000, 0x0000000100000000)
  region size 1024K, 6 young (6144K), 6 survivors (6144K)
 Metaspace       used 51350K, capacity 52988K, committed 53168K, reserved 1095680K
  class space    used 6530K, capacity 7115K, committed 7168K, reserved 1048576K
}
Event: 17.737 GC heap before
{Heap before GC invocations=34 (full 0):
 garbage-first heap   total 172032K, used 128175K [0x0000000080000000, 0x0000000100000000)
  region size 1024K, 36 young (36864K), 6 survivors (6144K)
 Metaspace       used 54835K, capacity 56461K, committed 56624K, reserved 1097728K
  class space    used 6960K, capacity 7549K, committed 7552K, reserved 1048576K
}
Event: 17.744 GC heap after
{Heap after GC invocations=35 (full 0):
 garbage-first heap   total 172032K, used 99023K [0x0000000080000000, 0x0000000100000000)
  region size 1024K, 5 young (5120K), 5 survivors (5120K)
 Metaspace       used 54835K, capacity 56461K, committed 56624K, reserved 1097728K
  class space    used 6960K, capacity 7549K, committed 7552K, reserved 1048576K
}
Event: 18.806 GC heap before
{Heap before GC invocations=35 (full 0):
 garbage-first heap   total 172032K, used 129743K [0x0000000080000000, 0x0000000100000000)
  region size 1024K, 35 young (35840K), 5 survivors (5120K)
 Metaspace       used 59257K, capacity 60960K, committed 61104K, reserved 1101824K
  class space    used 7458K, capacity 8090K, committed 8192K, reserved 1048576K
}
Event: 18.813 GC heap after
{Heap after GC invocations=36 (full 0):
 garbage-first heap   total 172032K, used 100515K [0x0000000080000000, 0x0000000100000000)
  region size 1024K, 3 young (3072K), 3 survivors (3072K)
 Metaspace       used 59257K, capacity 60960K, committed 61104K, reserved 1101824K
  class space    used 7458K, capacity 8090K, committed 8192K, reserved 1048576K
}

Deoptimization events (20 events):
Event: 18.118 Thread 0x0000021aff5c4800 DEOPT PACKING pc=0x0000021a8080ad17 sp=0x000000aeadcf56d0
Event: 18.118 Thread 0x0000021aff5c4800 DEOPT UNPACKING pc=0x0000021a8004a95e sp=0x000000aeadcf4c58 mode 0
Event: 18.120 Thread 0x0000021aff5c4800 DEOPT PACKING pc=0x0000021a8080ad17 sp=0x000000aeadcf57d0
Event: 18.120 Thread 0x0000021aff5c4800 DEOPT UNPACKING pc=0x0000021a8004a95e sp=0x000000aeadcf4d58 mode 0
Event: 18.124 Thread 0x0000021aff5c4800 DEOPT PACKING pc=0x0000021a8080ad17 sp=0x000000aeadcf56d0
Event: 18.124 Thread 0x0000021aff5c4800 DEOPT UNPACKING pc=0x0000021a8004a95e sp=0x000000aeadcf4c58 mode 0
Event: 18.130 Thread 0x0000021aff5c4800 DEOPT PACKING pc=0x0000021a8080ad17 sp=0x000000aeadcf57d0
Event: 18.130 Thread 0x0000021aff5c4800 DEOPT UNPACKING pc=0x0000021a8004a95e sp=0x000000aeadcf4d58 mode 0
Event: 18.319 Thread 0x0000021aff5c4800 Uncommon trap: trap_request=0xffffff4d fr.pc=0x0000021a87dc4484 relative=0x0000000000000324
Event: 18.319 Thread 0x0000021aff5c4800 Uncommon trap: reason=unstable_if action=reinterpret pc=0x0000021a87dc4484 method=org.gradle.internal.instantiation.generator.AbstractClassGenerator$InjectionAnnotationValidator.validateMethod(Ljava/lang/reflect/Method;Lorg/gradle/internal/reflect/Propert
Event: 18.319 Thread 0x0000021aff5c4800 DEOPT PACKING pc=0x0000021a87dc4484 sp=0x000000aeadcf6d10
Event: 18.319 Thread 0x0000021aff5c4800 DEOPT UNPACKING pc=0x0000021a8004a1af sp=0x000000aeadcf6cd8 mode 2
Event: 18.319 Thread 0x0000021aff5c4800 Uncommon trap: trap_request=0xffffff4d fr.pc=0x0000021a87dc4d98 relative=0x00000000000003f8
Event: 18.319 Thread 0x0000021aff5c4800 Uncommon trap: reason=unstable_if action=reinterpret pc=0x0000021a87dc4d98 method=org.gradle.internal.instantiation.generator.AbstractClassGenerator$InjectionAnnotationValidator.validateMethod(Ljava/lang/reflect/Method;Lorg/gradle/internal/reflect/Propert
Event: 18.319 Thread 0x0000021aff5c4800 DEOPT PACKING pc=0x0000021a87dc4d98 sp=0x000000aeadcf6c70
Event: 18.319 Thread 0x0000021aff5c4800 DEOPT UNPACKING pc=0x0000021a8004a1af sp=0x000000aeadcf6c30 mode 2
Event: 19.033 Thread 0x0000021aff5c4800 Uncommon trap: trap_request=0xffffffde fr.pc=0x0000021a87ca39f4 relative=0x0000000000001554
Event: 19.034 Thread 0x0000021aff5c4800 Uncommon trap: reason=class_check action=maybe_recompile pc=0x0000021a87ca39f4 method=jdk.internal.loader.BuiltinClassLoader.loadClassOrNull(Ljava/lang/String;Z)Ljava/lang/Class; @ 86 c2
Event: 19.034 Thread 0x0000021aff5c4800 DEOPT PACKING pc=0x0000021a87ca39f4 sp=0x000000aeadcf5320
Event: 19.034 Thread 0x0000021aff5c4800 DEOPT UNPACKING pc=0x0000021a8004a1af sp=0x000000aeadcf5288 mode 2

Classes redefined (0 events):
No events

Internal exceptions (20 events):
Event: 16.223 Thread 0x0000021aff5c4800 Exception <a 'java/security/PrivilegedActionException'{0x0000000088937af0}> (0x0000000088937af0) thrown at [./src/hotspot/share/prims/jvm.cpp, line 1306]
Event: 16.223 Thread 0x0000021aff5c4800 Exception <a 'java/security/PrivilegedActionException'{0x0000000088938db0}> (0x0000000088938db0) thrown at [./src/hotspot/share/prims/jvm.cpp, line 1306]
Event: 16.279 Thread 0x0000021aff5c4800 Exception <a 'java/security/PrivilegedActionException'{0x00000000888988c8}> (0x00000000888988c8) thrown at [./src/hotspot/share/prims/jvm.cpp, line 1306]
Event: 16.280 Thread 0x0000021aff5c4800 Exception <a 'java/security/PrivilegedActionException'{0x0000000088899b88}> (0x0000000088899b88) thrown at [./src/hotspot/share/prims/jvm.cpp, line 1306]
Event: 16.280 Thread 0x0000021aff5c4800 Exception <a 'java/security/PrivilegedActionException'{0x000000008889c780}> (0x000000008889c780) thrown at [./src/hotspot/share/prims/jvm.cpp, line 1306]
Event: 16.280 Thread 0x0000021aff5c4800 Exception <a 'java/security/PrivilegedActionException'{0x000000008889da40}> (0x000000008889da40) thrown at [./src/hotspot/share/prims/jvm.cpp, line 1306]
Event: 16.281 Thread 0x0000021aff5c4800 Exception <a 'java/security/PrivilegedActionException'{0x00000000888a06f0}> (0x00000000888a06f0) thrown at [./src/hotspot/share/prims/jvm.cpp, line 1306]
Event: 16.281 Thread 0x0000021aff5c4800 Exception <a 'java/security/PrivilegedActionException'{0x00000000888a19b0}> (0x00000000888a19b0) thrown at [./src/hotspot/share/prims/jvm.cpp, line 1306]
Event: 16.281 Thread 0x0000021aff5c4800 Exception <a 'java/security/PrivilegedActionException'{0x00000000888a45b0}> (0x00000000888a45b0) thrown at [./src/hotspot/share/prims/jvm.cpp, line 1306]
Event: 16.281 Thread 0x0000021aff5c4800 Exception <a 'java/security/PrivilegedActionException'{0x00000000888a5870}> (0x00000000888a5870) thrown at [./src/hotspot/share/prims/jvm.cpp, line 1306]
Event: 16.281 Thread 0x0000021aff5c4800 Exception <a 'java/security/PrivilegedActionException'{0x00000000888a84c0}> (0x00000000888a84c0) thrown at [./src/hotspot/share/prims/jvm.cpp, line 1306]
Event: 16.281 Thread 0x0000021aff5c4800 Exception <a 'java/security/PrivilegedActionException'{0x00000000888a9780}> (0x00000000888a9780) thrown at [./src/hotspot/share/prims/jvm.cpp, line 1306]
Event: 16.282 Thread 0x0000021aff5c4800 Exception <a 'java/security/PrivilegedActionException'{0x00000000888ac430}> (0x00000000888ac430) thrown at [./src/hotspot/share/prims/jvm.cpp, line 1306]
Event: 16.282 Thread 0x0000021aff5c4800 Exception <a 'java/security/PrivilegedActionException'{0x00000000888ad6f0}> (0x00000000888ad6f0) thrown at [./src/hotspot/share/prims/jvm.cpp, line 1306]
Event: 17.178 Thread 0x0000021aff5c4800 Exception <a 'java/lang/NoSuchMethodError'{0x000000008946af70}: 'java.lang.Object java.lang.invoke.DirectMethodHandle$Holder.invokeStatic(java.lang.Object, java.lang.Object, java.lang.Object, java.lang.Object, int)'> (0x000000008946af70) thrown at [./src/hotspot/share/interpreter/linkResolver.cpp, line 773]
Event: 17.179 Thread 0x0000021aff5c4800 Exception <a 'java/lang/NoSuchMethodError'{0x000000008946fc10}: 'java.lang.Object java.lang.invoke.DirectMethodHandle$Holder.invokeSpecial(java.lang.Object, java.lang.Object, java.lang.Object, java.lang.Object, java.lang.Object, int)'> (0x000000008946fc10) thrown at [./src/hotspot/share/interpreter/linkResolver.cpp, line 773]
Event: 17.180 Thread 0x0000021aff5c4800 Exception <a 'java/lang/NoSuchMethodError'{0x00000000894744f8}: 'java.lang.Object java.lang.invoke.Invokers$Holder.linkToTargetMethod(java.lang.Object, java.lang.Object, java.lang.Object, int, java.lang.Object)'> (0x00000000894744f8) thrown at [./src/hotspot/share/interpreter/linkResolver.cpp, line 773]
Event: 17.725 Thread 0x0000021aff5c4800 Exception <a 'java/lang/NoSuchMethodError'{0x00000000884c0668}: 'java.lang.Object java.lang.invoke.DirectMethodHandle$Holder.invokeSpecial(java.lang.Object, java.lang.Object, int, int, java.lang.Object, java.lang.Object, java.lang.Object)'> (0x00000000884c0668) thrown at [./src/hotspot/share/interpreter/linkResolver.cpp, line 773]
Event: 17.725 Thread 0x0000021aff5c4800 Exception <a 'java/lang/NoSuchMethodError'{0x00000000884c50d8}: 'java.lang.Object java.lang.invoke.DelegatingMethodHandle$Holder.reinvoke_L(java.lang.Object, int, int, java.lang.Object, java.lang.Object, java.lang.Object)'> (0x00000000884c50d8) thrown at [./src/hotspot/share/interpreter/linkResolver.cpp, line 773]
Event: 18.282 Thread 0x0000021aff5c4800 Exception <a 'java/lang/NoSuchMethodError'{0x0000000089a4f898}: 'int java.lang.invoke.DirectMethodHandle$Holder.invokeInterface(java.lang.Object, java.lang.Object, java.lang.Object, java.lang.Object)'> (0x0000000089a4f898) thrown at [./src/hotspot/share/interpreter/linkResolver.cpp, line 773]

Events (20 events):
Event: 19.137 loading class java/util/regex/Pattern$2
Event: 19.138 loading class java/util/regex/Pattern$2 done
Event: 19.138 loading class com/android/build/gradle/internal/utils/GradlePluginUtils$enforceMinimumVersionsOfPlugins$1
Event: 19.138 loading class com/android/build/gradle/internal/utils/GradlePluginUtils$enforceMinimumVersionsOfPlugins$1 done
Event: 19.140 loading class org/gradle/api/plugins/JavaBasePlugin
Event: 19.140 loading class org/gradle/api/plugins/JavaBasePlugin done
Event: 19.140 loading class org/gradle/api/plugins/JavaBasePlugin
Event: 19.140 loading class org/gradle/api/plugins/JavaBasePlugin done
Event: 19.144 loading class org/gradle/api/plugins/PluginContainer
Event: 19.144 loading class org/gradle/api/plugins/PluginContainer done
Event: 19.149 loading class org/gradle/api/plugins/JavaPluginExtension
Event: 19.149 loading class org/gradle/api/plugins/JavaPluginExtension done
Event: 19.151 loading class org/gradle/api/tasks/SourceSet
Event: 19.151 loading class org/gradle/api/tasks/SourceSet done
Event: 19.153 loading class org/gradle/api/plugins/internal/DefaultJavaPluginExtension
Event: 19.153 loading class org/gradle/api/plugins/internal/DefaultJavaPluginExtension done
Event: 19.158 loading class org/gradle/api/tasks/compile/AbstractCompile
Event: 19.158 loading class org/gradle/api/tasks/compile/AbstractCompile done
Event: 19.159 loading class org/gradle/api/tasks/SourceTask
Event: 19.159 loading class org/gradle/api/tasks/SourceTask done


Dynamic libraries:
0x00007ff746f90000 - 0x00007ff746f9a000 	C:\Users\thanh\AppData\Local\JetBrains\Toolbox\apps\AndroidStudio\ch-0\213.7172.25.2113.9123335\jre\bin\java.exe
0x00007ff95dc50000 - 0x00007ff95de48000 	C:\WINDOWS\SYSTEM32\ntdll.dll
0x00007ff95d8d0000 - 0x00007ff95d98f000 	C:\WINDOWS\System32\KERNEL32.DLL
0x00007ff95b680000 - 0x00007ff95b952000 	C:\WINDOWS\System32\KERNELBASE.dll
0x00007ff95b960000 - 0x00007ff95ba60000 	C:\WINDOWS\System32\ucrtbase.dll
0x00007ff949b10000 - 0x00007ff949b29000 	C:\Users\thanh\AppData\Local\JetBrains\Toolbox\apps\AndroidStudio\ch-0\213.7172.25.2113.9123335\jre\bin\jli.dll
0x00007ff949b30000 - 0x00007ff949b47000 	C:\Users\thanh\AppData\Local\JetBrains\Toolbox\apps\AndroidStudio\ch-0\213.7172.25.2113.9123335\jre\bin\VCRUNTIME140.dll
0x00007ff95cf70000 - 0x00007ff95d111000 	C:\WINDOWS\System32\USER32.dll
0x00007ff95b3c0000 - 0x00007ff95b3e2000 	C:\WINDOWS\System32\win32u.dll
0x00007ff95bf60000 - 0x00007ff95bf8b000 	C:\WINDOWS\System32\GDI32.dll
0x00007ff95bb00000 - 0x00007ff95bc0f000 	C:\WINDOWS\System32\gdi32full.dll
0x00007ff95ba60000 - 0x00007ff95bafd000 	C:\WINDOWS\System32\msvcp_win.dll
0x00007ff949e70000 - 0x00007ff94a10a000 	C:\WINDOWS\WinSxS\amd64_microsoft.windows.common-controls_6595b64144ccf1df_6.0.19041.1110_none_60b5254171f9507e\COMCTL32.dll
0x00007ff95c9d0000 - 0x00007ff95ca6e000 	C:\WINDOWS\System32\msvcrt.dll
0x00007ff95bf30000 - 0x00007ff95bf60000 	C:\WINDOWS\System32\IMM32.DLL
0x00007ff949a70000 - 0x00007ff949b0d000 	C:\Users\thanh\AppData\Local\JetBrains\Toolbox\apps\AndroidStudio\ch-0\213.7172.25.2113.9123335\jre\bin\msvcp140.dll
0x00007ff8f63d0000 - 0x00007ff8f6ed2000 	C:\Users\thanh\AppData\Local\JetBrains\Toolbox\apps\AndroidStudio\ch-0\213.7172.25.2113.9123335\jre\bin\server\jvm.dll
0x00007ff95bf90000 - 0x00007ff95c03e000 	C:\WINDOWS\System32\ADVAPI32.dll
0x00007ff95dac0000 - 0x00007ff95db5c000 	C:\WINDOWS\System32\sechost.dll
0x00007ff95c880000 - 0x00007ff95c9a4000 	C:\WINDOWS\System32\RPCRT4.dll
0x00007ff95d990000 - 0x00007ff95d998000 	C:\WINDOWS\System32\PSAPI.DLL
0x00007ff950df0000 - 0x00007ff950dfa000 	C:\WINDOWS\SYSTEM32\VERSION.dll
0x00007ff94e1e0000 - 0x00007ff94e207000 	C:\WINDOWS\SYSTEM32\WINMM.dll
0x00007ff9509a0000 - 0x00007ff9509a9000 	C:\WINDOWS\SYSTEM32\WSOCK32.dll
0x00007ff95ca70000 - 0x00007ff95cadb000 	C:\WINDOWS\System32\WS2_32.dll
0x00007ff959ba0000 - 0x00007ff959bb2000 	C:\WINDOWS\SYSTEM32\kernel.appcore.dll
0x00007ff939400000 - 0x00007ff939411000 	C:\Users\thanh\AppData\Local\JetBrains\Toolbox\apps\AndroidStudio\ch-0\213.7172.25.2113.9123335\jre\bin\verify.dll
0x00007ff9599a0000 - 0x00007ff959b84000 	C:\WINDOWS\SYSTEM32\DBGHELP.DLL
0x00007ff953ab0000 - 0x00007ff953ae5000 	C:\WINDOWS\SYSTEM32\dbgcore.DLL
0x00007ff95bc10000 - 0x00007ff95bc92000 	C:\WINDOWS\System32\bcryptPrimitives.dll
0x00007ff8f63a0000 - 0x00007ff8f63c9000 	C:\Users\thanh\AppData\Local\JetBrains\Toolbox\apps\AndroidStudio\ch-0\213.7172.25.2113.9123335\jre\bin\java.dll
0x00007ff93ff30000 - 0x00007ff93ff3b000 	C:\Users\thanh\AppData\Local\JetBrains\Toolbox\apps\AndroidStudio\ch-0\213.7172.25.2113.9123335\jre\bin\jimage.dll
0x00007ff919b90000 - 0x00007ff919ba8000 	C:\Users\thanh\AppData\Local\JetBrains\Toolbox\apps\AndroidStudio\ch-0\213.7172.25.2113.9123335\jre\bin\zip.dll
0x00007ff95c130000 - 0x00007ff95c875000 	C:\WINDOWS\System32\SHELL32.dll
0x00007ff959130000 - 0x00007ff9598c2000 	C:\WINDOWS\SYSTEM32\windows.storage.dll
0x00007ff95cc10000 - 0x00007ff95cf65000 	C:\WINDOWS\System32\combase.dll
0x00007ff95acd0000 - 0x00007ff95ad00000 	C:\WINDOWS\SYSTEM32\Wldp.dll
0x00007ff95bdf0000 - 0x00007ff95be9d000 	C:\WINDOWS\System32\SHCORE.dll
0x00007ff95d9a0000 - 0x00007ff95d9f5000 	C:\WINDOWS\System32\shlwapi.dll
0x00007ff95b290000 - 0x00007ff95b2af000 	C:\WINDOWS\SYSTEM32\profapi.dll
0x00007ff8f6380000 - 0x00007ff8f639a000 	C:\Users\thanh\AppData\Local\JetBrains\Toolbox\apps\AndroidStudio\ch-0\213.7172.25.2113.9123335\jre\bin\net.dll
0x00007ff953800000 - 0x00007ff95390a000 	C:\WINDOWS\SYSTEM32\WINHTTP.dll
0x00007ff95aa30000 - 0x00007ff95aa9a000 	C:\WINDOWS\system32\mswsock.dll
0x00007ff8f6360000 - 0x00007ff8f6374000 	C:\Users\thanh\AppData\Local\JetBrains\Toolbox\apps\AndroidStudio\ch-0\213.7172.25.2113.9123335\jre\bin\nio.dll
0x00007ff9466f0000 - 0x00007ff946717000 	C:\Users\thanh\.gradle\native\e1d6ef7f7dcc3fd88c89a11ec53ec762bb8ba0a96d01ffa2cd45eb1d1d8dd5c5\windows-amd64\native-platform.dll
0x00007ff93f560000 - 0x00007ff93f6a4000 	C:\Users\thanh\.gradle\native\0d407fdbe67a94daf76414ababcb853783967236a71b16ec16e742cd7a986fd3\windows-amd64\native-platform-file-events.dll
0x00007ff93f7c0000 - 0x00007ff93f7ca000 	C:\Users\thanh\AppData\Local\JetBrains\Toolbox\apps\AndroidStudio\ch-0\213.7172.25.2113.9123335\jre\bin\management.dll
0x00007ff939f80000 - 0x00007ff939f8d000 	C:\Users\thanh\AppData\Local\JetBrains\Toolbox\apps\AndroidStudio\ch-0\213.7172.25.2113.9123335\jre\bin\management_ext.dll
0x00007ff95ac20000 - 0x00007ff95ac38000 	C:\WINDOWS\SYSTEM32\CRYPTSP.dll
0x00007ff95a350000 - 0x00007ff95a384000 	C:\WINDOWS\system32\rsaenh.dll
0x00007ff95b550000 - 0x00007ff95b577000 	C:\WINDOWS\System32\bcrypt.dll
0x00007ff95b210000 - 0x00007ff95b23e000 	C:\WINDOWS\SYSTEM32\USERENV.dll
0x00007ff95ac40000 - 0x00007ff95ac4c000 	C:\WINDOWS\SYSTEM32\CRYPTBASE.dll
0x00007ff95a720000 - 0x00007ff95a75b000 	C:\WINDOWS\SYSTEM32\IPHLPAPI.DLL
0x00007ff95d120000 - 0x00007ff95d128000 	C:\WINDOWS\System32\NSI.dll
0x00007ff954d50000 - 0x00007ff954d67000 	C:\WINDOWS\SYSTEM32\dhcpcsvc6.DLL
0x00007ff954d30000 - 0x00007ff954d4d000 	C:\WINDOWS\SYSTEM32\dhcpcsvc.DLL
0x00007ff95a760000 - 0x00007ff95a82b000 	C:\WINDOWS\SYSTEM32\DNSAPI.dll

dbghelp: loaded successfully - version: 4.0.5 - missing functions: none
symbol engine: initialized successfully - sym options: 0x614 - pdb path: .;C:\Users\thanh\AppData\Local\JetBrains\Toolbox\apps\AndroidStudio\ch-0\213.7172.25.2113.9123335\jre\bin;C:\WINDOWS\SYSTEM32;C:\WINDOWS\WinSxS\amd64_microsoft.windows.common-controls_6595b64144ccf1df_6.0.19041.1110_none_60b5254171f9507e;C:\Users\thanh\AppData\Local\JetBrains\Toolbox\apps\AndroidStudio\ch-0\213.7172.25.2113.9123335\jre\bin\server;C:\Users\thanh\.gradle\native\e1d6ef7f7dcc3fd88c89a11ec53ec762bb8ba0a96d01ffa2cd45eb1d1d8dd5c5\windows-amd64;C:\Users\thanh\.gradle\native\0d407fdbe67a94daf76414ababcb853783967236a71b16ec16e742cd7a986fd3\windows-amd64

VM Arguments:
jvm_args: --add-opens=java.base/java.util=ALL-UNNAMED --add-opens=java.base/java.lang=ALL-UNNAMED --add-opens=java.base/java.lang.invoke=ALL-UNNAMED --add-opens=java.base/java.util=ALL-UNNAMED --add-opens=java.prefs/java.util.prefs=ALL-UNNAMED --add-opens=java.prefs/java.util.prefs=ALL-UNNAMED --add-opens=java.base/java.nio.charset=ALL-UNNAMED --add-opens=java.base/java.net=ALL-UNNAMED --add-opens=java.base/java.util.concurrent.atomic=ALL-UNNAMED -Xmx2048m -Dfile.encoding=UTF-8 -Duser.country=US -Duser.language=en -Duser.variant 
java_command: org.gradle.launcher.daemon.bootstrap.GradleDaemon 7.4
java_class_path (initial): C:\Users\thanh\.gradle\wrapper\dists\gradle-7.4-bin\c0gwcg53nkjbqw7r0h0umtfvt\gradle-7.4\lib\gradle-launcher-7.4.jar
Launcher Type: SUN_STANDARD

[Global flags]
     intx CICompilerCount                          = 4                                         {product} {ergonomic}
     uint ConcGCThreads                            = 2                                         {product} {ergonomic}
     uint G1ConcRefinementThreads                  = 8                                         {product} {ergonomic}
   size_t G1HeapRegionSize                         = 1048576                                   {product} {ergonomic}
    uintx GCDrainStackTargetSize                   = 64                                        {product} {ergonomic}
   size_t InitialHeapSize                          = 100663296                                 {product} {ergonomic}
   size_t MarkStackSize                            = 4194304                                   {product} {ergonomic}
   size_t MaxHeapSize                              = 2147483648                                {product} {command line}
   size_t MaxNewSize                               = 1287651328                                {product} {ergonomic}
   size_t MinHeapDeltaBytes                        = 1048576                                   {product} {ergonomic}
    uintx NonNMethodCodeHeapSize                   = 5836300                                {pd product} {ergonomic}
    uintx NonProfiledCodeHeapSize                  = 122910970                              {pd product} {ergonomic}
    uintx ProfiledCodeHeapSize                     = 122910970                              {pd product} {ergonomic}
    uintx ReservedCodeCacheSize                    = 251658240                              {pd product} {ergonomic}
     bool SegmentedCodeCache                       = true                                      {product} {ergonomic}
     bool UseCompressedClassPointers               = true                                 {lp64_product} {ergonomic}
     bool UseCompressedOops                        = true                                 {lp64_product} {ergonomic}
     bool UseG1GC                                  = true                                      {product} {ergonomic}
     bool UseLargePagesIndividualAllocation        = false                                  {pd product} {ergonomic}

Logging:
Log output configuration:
 #0: stdout all=warning uptime,level,tags
 #1: stderr all=off uptime,level,tags

Environment Variables:
PATH=C:\ProgramData\Oracle\Java\javapath;C:\WINDOWS\system32;C:\WINDOWS;C:\WINDOWS\System32\Wbem;C:\WINDOWS\System32\WindowsPowerShell\v1.0\;C:\WINDOWS\System32\OpenSSH\;D:\Git\cmd;C:\Program Files\nodejs\;C:\Program Files\MySQL\MySQL Shell 8.0\bin\;C:\Users\thanh\AppData\Local\Microsoft\WindowsApps;D:\Microsoft VS Code\bin;C:\Users\thanh\AppData\Roaming\npm;C:\Users\thanh\AppData\Local\Android\Sdk\platform-tools;C:\Users\src\flutter\bin;C:\Users\src\flutter;D:\MongoDB\;C:\Users\thanh\AppData\Local\JetBrains\Toolbox\scripts;C:\Users\src\dartsdk-windows-x64-release\dart-sdk\bin;C:\Users\src\dartsdk-windows-x64-release\dart-sdk;
USERNAME=thanh
OS=Windows_NT
PROCESSOR_IDENTIFIER=AMD64 Family 23 Model 24 Stepping 1, AuthenticAMD



---------------  S Y S T E M  ---------------

OS: Windows 10 , 64 bit Build 19041 (10.0.19041.2546)
OS uptime: 0 days 1:39 hours

CPU:total 8 (initial active 8) (8 cores per cpu, 2 threads per core) family 23 model 24 stepping 1 microcode 0x0, cmov, cx8, fxsr, mmx, sse, sse2, sse3, ssse3, sse4.1, sse4.2, popcnt, avx, avx2, aes, clmul, mmxext, 3dnowpref, lzcnt, sse4a, ht, tsc, tscinvbit, tscinv, bmi1, bmi2, adx, sha, fma

Memory: 4k page, system-wide physical 6079M (306M free)
TotalPageFile size 24511M (AvailPageFile size 5M)
current process WorkingSet (physical memory assigned to process): 326M, peak: 327M
current process commit charge ("private bytes"): 407M, peak: 408M

vm_info: OpenJDK 64-Bit Server VM (11.0.13+0-b1751.21-8125866) for windows-amd64 JRE (11.0.13+0-b1751.21-8125866), built on Feb  2 2022 03:00:22 by "builder" with MS VC++ 14.0 (VS2015)

END.
